[2026-04-28T16:03:53.171+0000] {processor.py:186} INFO - Started process (PID=392) to work on /opt/airflow/dags/config_driven_dag.py
[2026-04-28T16:03:53.172+0000] {processor.py:914} INFO - Processing file /opt/airflow/dags/config_driven_dag.py for tasks to queue
[2026-04-28T16:03:53.175+0000] {logging_mixin.py:190} INFO - [2026-04-28T16:03:53.175+0000] {dagbag.py:588} INFO - Filling up the DagBag from /opt/airflow/dags/config_driven_dag.py
[2026-04-28T16:03:53.225+0000] {processor.py:925} INFO - DAG(s) 'config_driven_dag' retrieved from /opt/airflow/dags/config_driven_dag.py
[2026-04-28T16:03:53.352+0000] {logging_mixin.py:190} INFO - [2026-04-28T16:03:53.351+0000] {override.py:1930} INFO - Created Permission View: can edit on DAG:config_driven_dag
[2026-04-28T16:03:53.360+0000] {logging_mixin.py:190} INFO - [2026-04-28T16:03:53.360+0000] {override.py:1930} INFO - Created Permission View: can read on DAG:config_driven_dag
[2026-04-28T16:03:53.366+0000] {logging_mixin.py:190} INFO - [2026-04-28T16:03:53.366+0000] {override.py:1930} INFO - Created Permission View: can delete on DAG:config_driven_dag
[2026-04-28T16:03:53.373+0000] {logging_mixin.py:190} INFO - [2026-04-28T16:03:53.372+0000] {override.py:1930} INFO - Created Permission View: menu access on DAG Run:config_driven_dag
[2026-04-28T16:03:53.378+0000] {logging_mixin.py:190} INFO - [2026-04-28T16:03:53.378+0000] {override.py:1930} INFO - Created Permission View: can read on DAG Run:config_driven_dag
[2026-04-28T16:03:53.383+0000] {logging_mixin.py:190} INFO - [2026-04-28T16:03:53.383+0000] {override.py:1930} INFO - Created Permission View: can create on DAG Run:config_driven_dag
[2026-04-28T16:03:53.389+0000] {logging_mixin.py:190} INFO - [2026-04-28T16:03:53.389+0000] {override.py:1930} INFO - Created Permission View: can delete on DAG Run:config_driven_dag
[2026-04-28T16:03:53.389+0000] {logging_mixin.py:190} INFO - [2026-04-28T16:03:53.389+0000] {dag.py:3239} INFO - Sync 1 DAGs
[2026-04-28T16:03:53.402+0000] {logging_mixin.py:190} INFO - [2026-04-28T16:03:53.402+0000] {dag.py:3262} INFO - Creating ORM DAG for config_driven_dag
[2026-04-28T16:03:53.414+0000] {logging_mixin.py:190} INFO - [2026-04-28T16:03:53.413+0000] {dag.py:4180} INFO - Setting next_dagrun for config_driven_dag to 2026-04-28 15:00:00+00:00, run_after=2026-04-28 16:00:00+00:00
[2026-04-28T16:03:53.431+0000] {processor.py:208} INFO - Processing /opt/airflow/dags/config_driven_dag.py took 0.266 seconds
[2026-04-28T16:04:23.650+0000] {processor.py:186} INFO - Started process (PID=408) to work on /opt/airflow/dags/config_driven_dag.py
[2026-04-28T16:04:23.669+0000] {processor.py:914} INFO - Processing file /opt/airflow/dags/config_driven_dag.py for tasks to queue
[2026-04-28T16:04:23.705+0000] {logging_mixin.py:190} INFO - [2026-04-28T16:04:23.701+0000] {dagbag.py:588} INFO - Filling up the DagBag from /opt/airflow/dags/config_driven_dag.py
[2026-04-28T16:04:23.808+0000] {processor.py:925} INFO - DAG(s) 'config_driven_dag' retrieved from /opt/airflow/dags/config_driven_dag.py
[2026-04-28T16:04:23.906+0000] {logging_mixin.py:190} INFO - [2026-04-28T16:04:23.906+0000] {dag.py:3239} INFO - Sync 1 DAGs
[2026-04-28T16:04:23.945+0000] {logging_mixin.py:190} INFO - [2026-04-28T16:04:23.944+0000] {dag.py:4180} INFO - Setting next_dagrun for config_driven_dag to 2026-04-28 15:00:00+00:00, run_after=2026-04-28 16:00:00+00:00
[2026-04-28T16:04:23.968+0000] {processor.py:208} INFO - Processing /opt/airflow/dags/config_driven_dag.py took 0.417 seconds
[2026-04-28T16:04:54.873+0000] {processor.py:186} INFO - Started process (PID=424) to work on /opt/airflow/dags/config_driven_dag.py
[2026-04-28T16:04:54.876+0000] {processor.py:914} INFO - Processing file /opt/airflow/dags/config_driven_dag.py for tasks to queue
[2026-04-28T16:04:54.881+0000] {logging_mixin.py:190} INFO - [2026-04-28T16:04:54.880+0000] {dagbag.py:588} INFO - Filling up the DagBag from /opt/airflow/dags/config_driven_dag.py
[2026-04-28T16:04:54.936+0000] {processor.py:925} INFO - DAG(s) 'config_driven_dag' retrieved from /opt/airflow/dags/config_driven_dag.py
[2026-04-28T16:04:54.989+0000] {logging_mixin.py:190} INFO - [2026-04-28T16:04:54.989+0000] {dag.py:3239} INFO - Sync 1 DAGs
[2026-04-28T16:04:55.029+0000] {logging_mixin.py:190} INFO - [2026-04-28T16:04:55.029+0000] {dag.py:4180} INFO - Setting next_dagrun for config_driven_dag to 2026-04-28 15:00:00+00:00, run_after=2026-04-28 16:00:00+00:00
[2026-04-28T16:04:55.052+0000] {processor.py:208} INFO - Processing /opt/airflow/dags/config_driven_dag.py took 0.190 seconds
[2026-04-28T16:05:25.349+0000] {processor.py:186} INFO - Started process (PID=440) to work on /opt/airflow/dags/config_driven_dag.py
[2026-04-28T16:05:25.351+0000] {processor.py:914} INFO - Processing file /opt/airflow/dags/config_driven_dag.py for tasks to queue
[2026-04-28T16:05:25.354+0000] {logging_mixin.py:190} INFO - [2026-04-28T16:05:25.354+0000] {dagbag.py:588} INFO - Filling up the DagBag from /opt/airflow/dags/config_driven_dag.py
[2026-04-28T16:05:25.393+0000] {processor.py:925} INFO - DAG(s) 'config_driven_dag' retrieved from /opt/airflow/dags/config_driven_dag.py
[2026-04-28T16:05:25.423+0000] {logging_mixin.py:190} INFO - [2026-04-28T16:05:25.423+0000] {dag.py:3239} INFO - Sync 1 DAGs
[2026-04-28T16:05:25.456+0000] {logging_mixin.py:190} INFO - [2026-04-28T16:05:25.455+0000] {dag.py:4180} INFO - Setting next_dagrun for config_driven_dag to 2026-04-28 15:00:00+00:00, run_after=2026-04-28 16:00:00+00:00
[2026-04-28T16:05:25.474+0000] {processor.py:208} INFO - Processing /opt/airflow/dags/config_driven_dag.py took 0.131 seconds
[2026-04-28T16:05:55.619+0000] {processor.py:186} INFO - Started process (PID=456) to work on /opt/airflow/dags/config_driven_dag.py
[2026-04-28T16:05:55.620+0000] {processor.py:914} INFO - Processing file /opt/airflow/dags/config_driven_dag.py for tasks to queue
[2026-04-28T16:05:55.623+0000] {logging_mixin.py:190} INFO - [2026-04-28T16:05:55.622+0000] {dagbag.py:588} INFO - Filling up the DagBag from /opt/airflow/dags/config_driven_dag.py
[2026-04-28T16:05:55.656+0000] {processor.py:925} INFO - DAG(s) 'config_driven_dag' retrieved from /opt/airflow/dags/config_driven_dag.py
[2026-04-28T16:05:55.688+0000] {logging_mixin.py:190} INFO - [2026-04-28T16:05:55.688+0000] {dag.py:3239} INFO - Sync 1 DAGs
[2026-04-28T16:05:55.730+0000] {logging_mixin.py:190} INFO - [2026-04-28T16:05:55.729+0000] {dag.py:4180} INFO - Setting next_dagrun for config_driven_dag to 2026-04-28 15:00:00+00:00, run_after=2026-04-28 16:00:00+00:00
[2026-04-28T16:05:55.756+0000] {processor.py:208} INFO - Processing /opt/airflow/dags/config_driven_dag.py took 0.143 seconds
[2026-04-28T16:06:26.064+0000] {processor.py:186} INFO - Started process (PID=472) to work on /opt/airflow/dags/config_driven_dag.py
[2026-04-28T16:06:26.066+0000] {processor.py:914} INFO - Processing file /opt/airflow/dags/config_driven_dag.py for tasks to queue
[2026-04-28T16:06:26.068+0000] {logging_mixin.py:190} INFO - [2026-04-28T16:06:26.068+0000] {dagbag.py:588} INFO - Filling up the DagBag from /opt/airflow/dags/config_driven_dag.py
[2026-04-28T16:06:26.104+0000] {processor.py:925} INFO - DAG(s) 'config_driven_dag' retrieved from /opt/airflow/dags/config_driven_dag.py
[2026-04-28T16:06:26.135+0000] {logging_mixin.py:190} INFO - [2026-04-28T16:06:26.135+0000] {dag.py:3239} INFO - Sync 1 DAGs
[2026-04-28T16:06:26.159+0000] {logging_mixin.py:190} INFO - [2026-04-28T16:06:26.159+0000] {dag.py:4180} INFO - Setting next_dagrun for config_driven_dag to 2026-04-28 15:00:00+00:00, run_after=2026-04-28 16:00:00+00:00
[2026-04-28T16:06:26.178+0000] {processor.py:208} INFO - Processing /opt/airflow/dags/config_driven_dag.py took 0.119 seconds
[2026-04-28T16:06:56.472+0000] {processor.py:186} INFO - Started process (PID=488) to work on /opt/airflow/dags/config_driven_dag.py
[2026-04-28T16:06:56.473+0000] {processor.py:914} INFO - Processing file /opt/airflow/dags/config_driven_dag.py for tasks to queue
[2026-04-28T16:06:56.475+0000] {logging_mixin.py:190} INFO - [2026-04-28T16:06:56.475+0000] {dagbag.py:588} INFO - Filling up the DagBag from /opt/airflow/dags/config_driven_dag.py
[2026-04-28T16:06:56.511+0000] {processor.py:925} INFO - DAG(s) 'config_driven_dag' retrieved from /opt/airflow/dags/config_driven_dag.py
[2026-04-28T16:06:56.546+0000] {logging_mixin.py:190} INFO - [2026-04-28T16:06:56.546+0000] {dag.py:3239} INFO - Sync 1 DAGs
[2026-04-28T16:06:56.577+0000] {logging_mixin.py:190} INFO - [2026-04-28T16:06:56.577+0000] {dag.py:4180} INFO - Setting next_dagrun for config_driven_dag to 2026-04-28 15:00:00+00:00, run_after=2026-04-28 16:00:00+00:00
[2026-04-28T16:06:56.599+0000] {processor.py:208} INFO - Processing /opt/airflow/dags/config_driven_dag.py took 0.133 seconds
[2026-04-28T16:07:26.753+0000] {processor.py:186} INFO - Started process (PID=504) to work on /opt/airflow/dags/config_driven_dag.py
[2026-04-28T16:07:26.755+0000] {processor.py:914} INFO - Processing file /opt/airflow/dags/config_driven_dag.py for tasks to queue
[2026-04-28T16:07:26.757+0000] {logging_mixin.py:190} INFO - [2026-04-28T16:07:26.757+0000] {dagbag.py:588} INFO - Filling up the DagBag from /opt/airflow/dags/config_driven_dag.py
[2026-04-28T16:07:26.804+0000] {processor.py:925} INFO - DAG(s) 'config_driven_dag' retrieved from /opt/airflow/dags/config_driven_dag.py
[2026-04-28T16:07:26.841+0000] {logging_mixin.py:190} INFO - [2026-04-28T16:07:26.841+0000] {dag.py:3239} INFO - Sync 1 DAGs
[2026-04-28T16:07:26.868+0000] {logging_mixin.py:190} INFO - [2026-04-28T16:07:26.868+0000] {dag.py:4180} INFO - Setting next_dagrun for config_driven_dag to 2026-04-28 15:00:00+00:00, run_after=2026-04-28 16:00:00+00:00
[2026-04-28T16:07:26.887+0000] {processor.py:208} INFO - Processing /opt/airflow/dags/config_driven_dag.py took 0.142 seconds
[2026-04-28T16:07:57.177+0000] {processor.py:186} INFO - Started process (PID=520) to work on /opt/airflow/dags/config_driven_dag.py
[2026-04-28T16:07:57.178+0000] {processor.py:914} INFO - Processing file /opt/airflow/dags/config_driven_dag.py for tasks to queue
[2026-04-28T16:07:57.181+0000] {logging_mixin.py:190} INFO - [2026-04-28T16:07:57.181+0000] {dagbag.py:588} INFO - Filling up the DagBag from /opt/airflow/dags/config_driven_dag.py
[2026-04-28T16:07:57.223+0000] {processor.py:925} INFO - DAG(s) 'config_driven_dag' retrieved from /opt/airflow/dags/config_driven_dag.py
[2026-04-28T16:07:57.261+0000] {logging_mixin.py:190} INFO - [2026-04-28T16:07:57.260+0000] {dag.py:3239} INFO - Sync 1 DAGs
[2026-04-28T16:07:57.285+0000] {logging_mixin.py:190} INFO - [2026-04-28T16:07:57.285+0000] {dag.py:4180} INFO - Setting next_dagrun for config_driven_dag to 2026-04-28 15:00:00+00:00, run_after=2026-04-28 16:00:00+00:00
[2026-04-28T16:07:57.304+0000] {processor.py:208} INFO - Processing /opt/airflow/dags/config_driven_dag.py took 0.136 seconds
[2026-04-28T16:08:27.597+0000] {processor.py:186} INFO - Started process (PID=536) to work on /opt/airflow/dags/config_driven_dag.py
[2026-04-28T16:08:27.599+0000] {processor.py:914} INFO - Processing file /opt/airflow/dags/config_driven_dag.py for tasks to queue
[2026-04-28T16:08:27.602+0000] {logging_mixin.py:190} INFO - [2026-04-28T16:08:27.601+0000] {dagbag.py:588} INFO - Filling up the DagBag from /opt/airflow/dags/config_driven_dag.py
[2026-04-28T16:08:27.642+0000] {processor.py:925} INFO - DAG(s) 'config_driven_dag' retrieved from /opt/airflow/dags/config_driven_dag.py
[2026-04-28T16:08:27.677+0000] {logging_mixin.py:190} INFO - [2026-04-28T16:08:27.676+0000] {dag.py:3239} INFO - Sync 1 DAGs
[2026-04-28T16:08:27.702+0000] {logging_mixin.py:190} INFO - [2026-04-28T16:08:27.702+0000] {dag.py:4180} INFO - Setting next_dagrun for config_driven_dag to 2026-04-28 15:00:00+00:00, run_after=2026-04-28 16:00:00+00:00
[2026-04-28T16:08:27.722+0000] {processor.py:208} INFO - Processing /opt/airflow/dags/config_driven_dag.py took 0.130 seconds
[2026-04-28T16:08:58.049+0000] {processor.py:186} INFO - Started process (PID=552) to work on /opt/airflow/dags/config_driven_dag.py
[2026-04-28T16:08:58.050+0000] {processor.py:914} INFO - Processing file /opt/airflow/dags/config_driven_dag.py for tasks to queue
[2026-04-28T16:08:58.052+0000] {logging_mixin.py:190} INFO - [2026-04-28T16:08:58.052+0000] {dagbag.py:588} INFO - Filling up the DagBag from /opt/airflow/dags/config_driven_dag.py
[2026-04-28T16:08:58.094+0000] {processor.py:925} INFO - DAG(s) 'config_driven_dag' retrieved from /opt/airflow/dags/config_driven_dag.py
[2026-04-28T16:08:58.127+0000] {logging_mixin.py:190} INFO - [2026-04-28T16:08:58.127+0000] {dag.py:3239} INFO - Sync 1 DAGs
[2026-04-28T16:08:58.151+0000] {logging_mixin.py:190} INFO - [2026-04-28T16:08:58.151+0000] {dag.py:4180} INFO - Setting next_dagrun for config_driven_dag to 2026-04-28 15:00:00+00:00, run_after=2026-04-28 16:00:00+00:00
[2026-04-28T16:08:58.172+0000] {processor.py:208} INFO - Processing /opt/airflow/dags/config_driven_dag.py took 0.129 seconds
[2026-04-28T16:09:28.322+0000] {processor.py:186} INFO - Started process (PID=568) to work on /opt/airflow/dags/config_driven_dag.py
[2026-04-28T16:09:28.323+0000] {processor.py:914} INFO - Processing file /opt/airflow/dags/config_driven_dag.py for tasks to queue
[2026-04-28T16:09:28.326+0000] {logging_mixin.py:190} INFO - [2026-04-28T16:09:28.325+0000] {dagbag.py:588} INFO - Filling up the DagBag from /opt/airflow/dags/config_driven_dag.py
[2026-04-28T16:09:28.365+0000] {processor.py:925} INFO - DAG(s) 'config_driven_dag' retrieved from /opt/airflow/dags/config_driven_dag.py
[2026-04-28T16:09:28.403+0000] {logging_mixin.py:190} INFO - [2026-04-28T16:09:28.403+0000] {dag.py:3239} INFO - Sync 1 DAGs
[2026-04-28T16:09:28.428+0000] {logging_mixin.py:190} INFO - [2026-04-28T16:09:28.428+0000] {dag.py:4180} INFO - Setting next_dagrun for config_driven_dag to 2026-04-28 15:00:00+00:00, run_after=2026-04-28 16:00:00+00:00
[2026-04-28T16:09:28.447+0000] {processor.py:208} INFO - Processing /opt/airflow/dags/config_driven_dag.py took 0.131 seconds
[2026-04-28T16:09:58.743+0000] {processor.py:186} INFO - Started process (PID=584) to work on /opt/airflow/dags/config_driven_dag.py
[2026-04-28T16:09:58.744+0000] {processor.py:914} INFO - Processing file /opt/airflow/dags/config_driven_dag.py for tasks to queue
[2026-04-28T16:09:58.746+0000] {logging_mixin.py:190} INFO - [2026-04-28T16:09:58.746+0000] {dagbag.py:588} INFO - Filling up the DagBag from /opt/airflow/dags/config_driven_dag.py
[2026-04-28T16:09:58.786+0000] {processor.py:925} INFO - DAG(s) 'config_driven_dag' retrieved from /opt/airflow/dags/config_driven_dag.py
[2026-04-28T16:09:58.835+0000] {logging_mixin.py:190} INFO - [2026-04-28T16:09:58.835+0000] {dag.py:3239} INFO - Sync 1 DAGs
[2026-04-28T16:09:58.866+0000] {logging_mixin.py:190} INFO - [2026-04-28T16:09:58.866+0000] {dag.py:4180} INFO - Setting next_dagrun for config_driven_dag to 2026-04-28 15:00:00+00:00, run_after=2026-04-28 16:00:00+00:00
[2026-04-28T16:09:58.885+0000] {processor.py:208} INFO - Processing /opt/airflow/dags/config_driven_dag.py took 0.148 seconds
[2026-04-28T16:10:29.176+0000] {processor.py:186} INFO - Started process (PID=600) to work on /opt/airflow/dags/config_driven_dag.py
[2026-04-28T16:10:29.177+0000] {processor.py:914} INFO - Processing file /opt/airflow/dags/config_driven_dag.py for tasks to queue
[2026-04-28T16:10:29.179+0000] {logging_mixin.py:190} INFO - [2026-04-28T16:10:29.179+0000] {dagbag.py:588} INFO - Filling up the DagBag from /opt/airflow/dags/config_driven_dag.py
[2026-04-28T16:10:29.214+0000] {processor.py:925} INFO - DAG(s) 'config_driven_dag' retrieved from /opt/airflow/dags/config_driven_dag.py
[2026-04-28T16:10:29.248+0000] {logging_mixin.py:190} INFO - [2026-04-28T16:10:29.248+0000] {dag.py:3239} INFO - Sync 1 DAGs
[2026-04-28T16:10:29.273+0000] {logging_mixin.py:190} INFO - [2026-04-28T16:10:29.272+0000] {dag.py:4180} INFO - Setting next_dagrun for config_driven_dag to 2026-04-28 15:00:00+00:00, run_after=2026-04-28 16:00:00+00:00
[2026-04-28T16:10:29.291+0000] {processor.py:208} INFO - Processing /opt/airflow/dags/config_driven_dag.py took 0.121 seconds
[2026-04-28T16:10:59.582+0000] {processor.py:186} INFO - Started process (PID=616) to work on /opt/airflow/dags/config_driven_dag.py
[2026-04-28T16:10:59.583+0000] {processor.py:914} INFO - Processing file /opt/airflow/dags/config_driven_dag.py for tasks to queue
[2026-04-28T16:10:59.586+0000] {logging_mixin.py:190} INFO - [2026-04-28T16:10:59.586+0000] {dagbag.py:588} INFO - Filling up the DagBag from /opt/airflow/dags/config_driven_dag.py
[2026-04-28T16:10:59.627+0000] {processor.py:925} INFO - DAG(s) 'config_driven_dag' retrieved from /opt/airflow/dags/config_driven_dag.py
[2026-04-28T16:10:59.665+0000] {logging_mixin.py:190} INFO - [2026-04-28T16:10:59.665+0000] {dag.py:3239} INFO - Sync 1 DAGs
[2026-04-28T16:10:59.694+0000] {logging_mixin.py:190} INFO - [2026-04-28T16:10:59.694+0000] {dag.py:4180} INFO - Setting next_dagrun for config_driven_dag to 2026-04-28 15:00:00+00:00, run_after=2026-04-28 16:00:00+00:00
[2026-04-28T16:10:59.715+0000] {processor.py:208} INFO - Processing /opt/airflow/dags/config_driven_dag.py took 0.140 seconds
[2026-04-28T16:11:29.877+0000] {processor.py:186} INFO - Started process (PID=632) to work on /opt/airflow/dags/config_driven_dag.py
[2026-04-28T16:11:29.879+0000] {processor.py:914} INFO - Processing file /opt/airflow/dags/config_driven_dag.py for tasks to queue
[2026-04-28T16:11:29.882+0000] {logging_mixin.py:190} INFO - [2026-04-28T16:11:29.882+0000] {dagbag.py:588} INFO - Filling up the DagBag from /opt/airflow/dags/config_driven_dag.py
[2026-04-28T16:11:29.920+0000] {processor.py:925} INFO - DAG(s) 'config_driven_dag' retrieved from /opt/airflow/dags/config_driven_dag.py
[2026-04-28T16:11:29.965+0000] {logging_mixin.py:190} INFO - [2026-04-28T16:11:29.965+0000] {dag.py:3239} INFO - Sync 1 DAGs
[2026-04-28T16:11:29.994+0000] {logging_mixin.py:190} INFO - [2026-04-28T16:11:29.993+0000] {dag.py:4180} INFO - Setting next_dagrun for config_driven_dag to 2026-04-28 15:00:00+00:00, run_after=2026-04-28 16:00:00+00:00
[2026-04-28T16:11:30.014+0000] {processor.py:208} INFO - Processing /opt/airflow/dags/config_driven_dag.py took 0.143 seconds
[2026-04-28T16:12:00.317+0000] {processor.py:186} INFO - Started process (PID=648) to work on /opt/airflow/dags/config_driven_dag.py
[2026-04-28T16:12:00.319+0000] {processor.py:914} INFO - Processing file /opt/airflow/dags/config_driven_dag.py for tasks to queue
[2026-04-28T16:12:00.324+0000] {logging_mixin.py:190} INFO - [2026-04-28T16:12:00.323+0000] {dagbag.py:588} INFO - Filling up the DagBag from /opt/airflow/dags/config_driven_dag.py
[2026-04-28T16:12:00.381+0000] {processor.py:925} INFO - DAG(s) 'config_driven_dag' retrieved from /opt/airflow/dags/config_driven_dag.py
[2026-04-28T16:12:00.441+0000] {logging_mixin.py:190} INFO - [2026-04-28T16:12:00.441+0000] {dag.py:3239} INFO - Sync 1 DAGs
[2026-04-28T16:12:00.478+0000] {logging_mixin.py:190} INFO - [2026-04-28T16:12:00.477+0000] {dag.py:4180} INFO - Setting next_dagrun for config_driven_dag to 2026-04-28 15:00:00+00:00, run_after=2026-04-28 16:00:00+00:00
[2026-04-28T16:12:00.512+0000] {processor.py:208} INFO - Processing /opt/airflow/dags/config_driven_dag.py took 0.202 seconds
[2026-04-28T16:12:30.625+0000] {processor.py:186} INFO - Started process (PID=664) to work on /opt/airflow/dags/config_driven_dag.py
[2026-04-28T16:12:30.626+0000] {processor.py:914} INFO - Processing file /opt/airflow/dags/config_driven_dag.py for tasks to queue
[2026-04-28T16:12:30.628+0000] {logging_mixin.py:190} INFO - [2026-04-28T16:12:30.628+0000] {dagbag.py:588} INFO - Filling up the DagBag from /opt/airflow/dags/config_driven_dag.py
[2026-04-28T16:12:30.664+0000] {processor.py:925} INFO - DAG(s) 'config_driven_dag' retrieved from /opt/airflow/dags/config_driven_dag.py
[2026-04-28T16:12:30.707+0000] {logging_mixin.py:190} INFO - [2026-04-28T16:12:30.706+0000] {dag.py:3239} INFO - Sync 1 DAGs
[2026-04-28T16:12:30.732+0000] {logging_mixin.py:190} INFO - [2026-04-28T16:12:30.732+0000] {dag.py:4180} INFO - Setting next_dagrun for config_driven_dag to 2026-04-28 15:00:00+00:00, run_after=2026-04-28 16:00:00+00:00
[2026-04-28T16:12:30.756+0000] {processor.py:208} INFO - Processing /opt/airflow/dags/config_driven_dag.py took 0.137 seconds
[2026-04-28T16:13:01.057+0000] {processor.py:186} INFO - Started process (PID=680) to work on /opt/airflow/dags/config_driven_dag.py
[2026-04-28T16:13:01.058+0000] {processor.py:914} INFO - Processing file /opt/airflow/dags/config_driven_dag.py for tasks to queue
[2026-04-28T16:13:01.060+0000] {logging_mixin.py:190} INFO - [2026-04-28T16:13:01.060+0000] {dagbag.py:588} INFO - Filling up the DagBag from /opt/airflow/dags/config_driven_dag.py
[2026-04-28T16:13:01.098+0000] {processor.py:925} INFO - DAG(s) 'config_driven_dag' retrieved from /opt/airflow/dags/config_driven_dag.py
[2026-04-28T16:13:01.135+0000] {logging_mixin.py:190} INFO - [2026-04-28T16:13:01.134+0000] {dag.py:3239} INFO - Sync 1 DAGs
[2026-04-28T16:13:01.165+0000] {logging_mixin.py:190} INFO - [2026-04-28T16:13:01.165+0000] {dag.py:4180} INFO - Setting next_dagrun for config_driven_dag to 2026-04-28 15:00:00+00:00, run_after=2026-04-28 16:00:00+00:00
[2026-04-28T16:13:01.186+0000] {processor.py:208} INFO - Processing /opt/airflow/dags/config_driven_dag.py took 0.136 seconds
[2026-04-28T16:13:31.484+0000] {processor.py:186} INFO - Started process (PID=696) to work on /opt/airflow/dags/config_driven_dag.py
[2026-04-28T16:13:31.485+0000] {processor.py:914} INFO - Processing file /opt/airflow/dags/config_driven_dag.py for tasks to queue
[2026-04-28T16:13:31.488+0000] {logging_mixin.py:190} INFO - [2026-04-28T16:13:31.487+0000] {dagbag.py:588} INFO - Filling up the DagBag from /opt/airflow/dags/config_driven_dag.py
[2026-04-28T16:13:31.528+0000] {processor.py:925} INFO - DAG(s) 'config_driven_dag' retrieved from /opt/airflow/dags/config_driven_dag.py
[2026-04-28T16:13:31.565+0000] {logging_mixin.py:190} INFO - [2026-04-28T16:13:31.564+0000] {dag.py:3239} INFO - Sync 1 DAGs
[2026-04-28T16:13:31.592+0000] {logging_mixin.py:190} INFO - [2026-04-28T16:13:31.592+0000] {dag.py:4180} INFO - Setting next_dagrun for config_driven_dag to 2026-04-28 15:00:00+00:00, run_after=2026-04-28 16:00:00+00:00
[2026-04-28T16:13:31.614+0000] {processor.py:208} INFO - Processing /opt/airflow/dags/config_driven_dag.py took 0.137 seconds
[2026-04-28T16:14:01.798+0000] {processor.py:186} INFO - Started process (PID=712) to work on /opt/airflow/dags/config_driven_dag.py
[2026-04-28T16:14:01.799+0000] {processor.py:914} INFO - Processing file /opt/airflow/dags/config_driven_dag.py for tasks to queue
[2026-04-28T16:14:01.801+0000] {logging_mixin.py:190} INFO - [2026-04-28T16:14:01.801+0000] {dagbag.py:588} INFO - Filling up the DagBag from /opt/airflow/dags/config_driven_dag.py
[2026-04-28T16:14:01.841+0000] {processor.py:925} INFO - DAG(s) 'config_driven_dag' retrieved from /opt/airflow/dags/config_driven_dag.py
[2026-04-28T16:14:01.875+0000] {logging_mixin.py:190} INFO - [2026-04-28T16:14:01.875+0000] {dag.py:3239} INFO - Sync 1 DAGs
[2026-04-28T16:14:01.898+0000] {logging_mixin.py:190} INFO - [2026-04-28T16:14:01.898+0000] {dag.py:4180} INFO - Setting next_dagrun for config_driven_dag to 2026-04-28 15:00:00+00:00, run_after=2026-04-28 16:00:00+00:00
[2026-04-28T16:14:01.917+0000] {processor.py:208} INFO - Processing /opt/airflow/dags/config_driven_dag.py took 0.125 seconds
[2026-04-28T16:14:32.216+0000] {processor.py:186} INFO - Started process (PID=728) to work on /opt/airflow/dags/config_driven_dag.py
[2026-04-28T16:14:32.217+0000] {processor.py:914} INFO - Processing file /opt/airflow/dags/config_driven_dag.py for tasks to queue
[2026-04-28T16:14:32.221+0000] {logging_mixin.py:190} INFO - [2026-04-28T16:14:32.220+0000] {dagbag.py:588} INFO - Filling up the DagBag from /opt/airflow/dags/config_driven_dag.py
[2026-04-28T16:14:32.262+0000] {processor.py:925} INFO - DAG(s) 'config_driven_dag' retrieved from /opt/airflow/dags/config_driven_dag.py
[2026-04-28T16:14:32.299+0000] {logging_mixin.py:190} INFO - [2026-04-28T16:14:32.299+0000] {dag.py:3239} INFO - Sync 1 DAGs
[2026-04-28T16:14:32.323+0000] {logging_mixin.py:190} INFO - [2026-04-28T16:14:32.323+0000] {dag.py:4180} INFO - Setting next_dagrun for config_driven_dag to 2026-04-28 15:00:00+00:00, run_after=2026-04-28 16:00:00+00:00
[2026-04-28T16:14:32.342+0000] {processor.py:208} INFO - Processing /opt/airflow/dags/config_driven_dag.py took 0.136 seconds
[2026-04-28T16:15:02.632+0000] {processor.py:186} INFO - Started process (PID=744) to work on /opt/airflow/dags/config_driven_dag.py
[2026-04-28T16:15:02.633+0000] {processor.py:914} INFO - Processing file /opt/airflow/dags/config_driven_dag.py for tasks to queue
[2026-04-28T16:15:02.636+0000] {logging_mixin.py:190} INFO - [2026-04-28T16:15:02.635+0000] {dagbag.py:588} INFO - Filling up the DagBag from /opt/airflow/dags/config_driven_dag.py
[2026-04-28T16:15:02.672+0000] {processor.py:925} INFO - DAG(s) 'config_driven_dag' retrieved from /opt/airflow/dags/config_driven_dag.py
[2026-04-28T16:15:02.705+0000] {logging_mixin.py:190} INFO - [2026-04-28T16:15:02.705+0000] {dag.py:3239} INFO - Sync 1 DAGs
[2026-04-28T16:15:02.730+0000] {logging_mixin.py:190} INFO - [2026-04-28T16:15:02.729+0000] {dag.py:4180} INFO - Setting next_dagrun for config_driven_dag to 2026-04-28 15:00:00+00:00, run_after=2026-04-28 16:00:00+00:00
[2026-04-28T16:15:02.750+0000] {processor.py:208} INFO - Processing /opt/airflow/dags/config_driven_dag.py took 0.125 seconds
[2026-04-28T16:15:33.047+0000] {processor.py:186} INFO - Started process (PID=760) to work on /opt/airflow/dags/config_driven_dag.py
[2026-04-28T16:15:33.048+0000] {processor.py:914} INFO - Processing file /opt/airflow/dags/config_driven_dag.py for tasks to queue
[2026-04-28T16:15:33.051+0000] {logging_mixin.py:190} INFO - [2026-04-28T16:15:33.051+0000] {dagbag.py:588} INFO - Filling up the DagBag from /opt/airflow/dags/config_driven_dag.py
[2026-04-28T16:15:33.087+0000] {processor.py:925} INFO - DAG(s) 'config_driven_dag' retrieved from /opt/airflow/dags/config_driven_dag.py
[2026-04-28T16:15:33.120+0000] {logging_mixin.py:190} INFO - [2026-04-28T16:15:33.119+0000] {dag.py:3239} INFO - Sync 1 DAGs
[2026-04-28T16:15:33.145+0000] {logging_mixin.py:190} INFO - [2026-04-28T16:15:33.145+0000] {dag.py:4180} INFO - Setting next_dagrun for config_driven_dag to 2026-04-28 15:00:00+00:00, run_after=2026-04-28 16:00:00+00:00
[2026-04-28T16:15:33.165+0000] {processor.py:208} INFO - Processing /opt/airflow/dags/config_driven_dag.py took 0.124 seconds
[2026-04-28T16:16:03.314+0000] {processor.py:186} INFO - Started process (PID=776) to work on /opt/airflow/dags/config_driven_dag.py
[2026-04-28T16:16:03.315+0000] {processor.py:914} INFO - Processing file /opt/airflow/dags/config_driven_dag.py for tasks to queue
[2026-04-28T16:16:03.318+0000] {logging_mixin.py:190} INFO - [2026-04-28T16:16:03.318+0000] {dagbag.py:588} INFO - Filling up the DagBag from /opt/airflow/dags/config_driven_dag.py
[2026-04-28T16:16:03.351+0000] {processor.py:925} INFO - DAG(s) 'config_driven_dag' retrieved from /opt/airflow/dags/config_driven_dag.py
[2026-04-28T16:16:03.385+0000] {logging_mixin.py:190} INFO - [2026-04-28T16:16:03.385+0000] {dag.py:3239} INFO - Sync 1 DAGs
[2026-04-28T16:16:03.410+0000] {logging_mixin.py:190} INFO - [2026-04-28T16:16:03.410+0000] {dag.py:4180} INFO - Setting next_dagrun for config_driven_dag to 2026-04-28 15:00:00+00:00, run_after=2026-04-28 16:00:00+00:00
[2026-04-28T16:16:03.430+0000] {processor.py:208} INFO - Processing /opt/airflow/dags/config_driven_dag.py took 0.121 seconds
[2026-04-28T16:16:33.719+0000] {processor.py:186} INFO - Started process (PID=792) to work on /opt/airflow/dags/config_driven_dag.py
[2026-04-28T16:16:33.721+0000] {processor.py:914} INFO - Processing file /opt/airflow/dags/config_driven_dag.py for tasks to queue
[2026-04-28T16:16:33.723+0000] {logging_mixin.py:190} INFO - [2026-04-28T16:16:33.722+0000] {dagbag.py:588} INFO - Filling up the DagBag from /opt/airflow/dags/config_driven_dag.py
[2026-04-28T16:16:33.757+0000] {processor.py:925} INFO - DAG(s) 'config_driven_dag' retrieved from /opt/airflow/dags/config_driven_dag.py
[2026-04-28T16:16:33.792+0000] {logging_mixin.py:190} INFO - [2026-04-28T16:16:33.792+0000] {dag.py:3239} INFO - Sync 1 DAGs
[2026-04-28T16:16:33.831+0000] {logging_mixin.py:190} INFO - [2026-04-28T16:16:33.831+0000] {dag.py:4180} INFO - Setting next_dagrun for config_driven_dag to 2026-04-28 15:00:00+00:00, run_after=2026-04-28 16:00:00+00:00
[2026-04-28T16:16:33.857+0000] {processor.py:208} INFO - Processing /opt/airflow/dags/config_driven_dag.py took 0.145 seconds
[2026-04-28T16:17:04.140+0000] {processor.py:186} INFO - Started process (PID=808) to work on /opt/airflow/dags/config_driven_dag.py
[2026-04-28T16:17:04.142+0000] {processor.py:914} INFO - Processing file /opt/airflow/dags/config_driven_dag.py for tasks to queue
[2026-04-28T16:17:04.145+0000] {logging_mixin.py:190} INFO - [2026-04-28T16:17:04.145+0000] {dagbag.py:588} INFO - Filling up the DagBag from /opt/airflow/dags/config_driven_dag.py
[2026-04-28T16:17:04.187+0000] {processor.py:925} INFO - DAG(s) 'config_driven_dag' retrieved from /opt/airflow/dags/config_driven_dag.py
[2026-04-28T16:17:04.220+0000] {logging_mixin.py:190} INFO - [2026-04-28T16:17:04.220+0000] {dag.py:3239} INFO - Sync 1 DAGs
[2026-04-28T16:17:04.244+0000] {logging_mixin.py:190} INFO - [2026-04-28T16:17:04.244+0000] {dag.py:4180} INFO - Setting next_dagrun for config_driven_dag to 2026-04-28 15:00:00+00:00, run_after=2026-04-28 16:00:00+00:00
[2026-04-28T16:17:04.263+0000] {processor.py:208} INFO - Processing /opt/airflow/dags/config_driven_dag.py took 0.128 seconds
[2026-04-28T16:17:34.563+0000] {processor.py:186} INFO - Started process (PID=824) to work on /opt/airflow/dags/config_driven_dag.py
[2026-04-28T16:17:34.565+0000] {processor.py:914} INFO - Processing file /opt/airflow/dags/config_driven_dag.py for tasks to queue
[2026-04-28T16:17:34.567+0000] {logging_mixin.py:190} INFO - [2026-04-28T16:17:34.566+0000] {dagbag.py:588} INFO - Filling up the DagBag from /opt/airflow/dags/config_driven_dag.py
[2026-04-28T16:17:34.607+0000] {processor.py:925} INFO - DAG(s) 'config_driven_dag' retrieved from /opt/airflow/dags/config_driven_dag.py
[2026-04-28T16:17:34.650+0000] {logging_mixin.py:190} INFO - [2026-04-28T16:17:34.650+0000] {dag.py:3239} INFO - Sync 1 DAGs
[2026-04-28T16:17:34.679+0000] {logging_mixin.py:190} INFO - [2026-04-28T16:17:34.679+0000] {dag.py:4180} INFO - Setting next_dagrun for config_driven_dag to 2026-04-28 15:00:00+00:00, run_after=2026-04-28 16:00:00+00:00
[2026-04-28T16:17:34.700+0000] {processor.py:208} INFO - Processing /opt/airflow/dags/config_driven_dag.py took 0.143 seconds
[2026-04-28T16:18:04.831+0000] {processor.py:186} INFO - Started process (PID=840) to work on /opt/airflow/dags/config_driven_dag.py
[2026-04-28T16:18:04.832+0000] {processor.py:914} INFO - Processing file /opt/airflow/dags/config_driven_dag.py for tasks to queue
[2026-04-28T16:18:04.835+0000] {logging_mixin.py:190} INFO - [2026-04-28T16:18:04.835+0000] {dagbag.py:588} INFO - Filling up the DagBag from /opt/airflow/dags/config_driven_dag.py
[2026-04-28T16:18:04.872+0000] {processor.py:925} INFO - DAG(s) 'config_driven_dag' retrieved from /opt/airflow/dags/config_driven_dag.py
[2026-04-28T16:18:04.907+0000] {logging_mixin.py:190} INFO - [2026-04-28T16:18:04.907+0000] {dag.py:3239} INFO - Sync 1 DAGs
[2026-04-28T16:18:04.932+0000] {logging_mixin.py:190} INFO - [2026-04-28T16:18:04.932+0000] {dag.py:4180} INFO - Setting next_dagrun for config_driven_dag to 2026-04-28 15:00:00+00:00, run_after=2026-04-28 16:00:00+00:00
[2026-04-28T16:18:04.953+0000] {processor.py:208} INFO - Processing /opt/airflow/dags/config_driven_dag.py took 0.128 seconds
[2026-04-28T16:18:35.249+0000] {processor.py:186} INFO - Started process (PID=856) to work on /opt/airflow/dags/config_driven_dag.py
[2026-04-28T16:18:35.250+0000] {processor.py:914} INFO - Processing file /opt/airflow/dags/config_driven_dag.py for tasks to queue
[2026-04-28T16:18:35.253+0000] {logging_mixin.py:190} INFO - [2026-04-28T16:18:35.253+0000] {dagbag.py:588} INFO - Filling up the DagBag from /opt/airflow/dags/config_driven_dag.py
[2026-04-28T16:18:35.291+0000] {processor.py:925} INFO - DAG(s) 'config_driven_dag' retrieved from /opt/airflow/dags/config_driven_dag.py
[2026-04-28T16:18:35.327+0000] {logging_mixin.py:190} INFO - [2026-04-28T16:18:35.327+0000] {dag.py:3239} INFO - Sync 1 DAGs
[2026-04-28T16:18:35.355+0000] {logging_mixin.py:190} INFO - [2026-04-28T16:18:35.354+0000] {dag.py:4180} INFO - Setting next_dagrun for config_driven_dag to 2026-04-28 15:00:00+00:00, run_after=2026-04-28 16:00:00+00:00
[2026-04-28T16:18:35.373+0000] {processor.py:208} INFO - Processing /opt/airflow/dags/config_driven_dag.py took 0.131 seconds
[2026-04-28T16:19:05.706+0000] {processor.py:186} INFO - Started process (PID=872) to work on /opt/airflow/dags/config_driven_dag.py
[2026-04-28T16:19:05.707+0000] {processor.py:914} INFO - Processing file /opt/airflow/dags/config_driven_dag.py for tasks to queue
[2026-04-28T16:19:05.710+0000] {logging_mixin.py:190} INFO - [2026-04-28T16:19:05.709+0000] {dagbag.py:588} INFO - Filling up the DagBag from /opt/airflow/dags/config_driven_dag.py
[2026-04-28T16:19:05.761+0000] {processor.py:925} INFO - DAG(s) 'config_driven_dag' retrieved from /opt/airflow/dags/config_driven_dag.py
[2026-04-28T16:19:05.807+0000] {logging_mixin.py:190} INFO - [2026-04-28T16:19:05.807+0000] {dag.py:3239} INFO - Sync 1 DAGs
[2026-04-28T16:19:05.834+0000] {logging_mixin.py:190} INFO - [2026-04-28T16:19:05.834+0000] {dag.py:4180} INFO - Setting next_dagrun for config_driven_dag to 2026-04-28 15:00:00+00:00, run_after=2026-04-28 16:00:00+00:00
[2026-04-28T16:19:05.858+0000] {processor.py:208} INFO - Processing /opt/airflow/dags/config_driven_dag.py took 0.159 seconds
[2026-04-28T16:19:35.985+0000] {processor.py:186} INFO - Started process (PID=888) to work on /opt/airflow/dags/config_driven_dag.py
[2026-04-28T16:19:35.986+0000] {processor.py:914} INFO - Processing file /opt/airflow/dags/config_driven_dag.py for tasks to queue
[2026-04-28T16:19:35.989+0000] {logging_mixin.py:190} INFO - [2026-04-28T16:19:35.988+0000] {dagbag.py:588} INFO - Filling up the DagBag from /opt/airflow/dags/config_driven_dag.py
[2026-04-28T16:19:36.024+0000] {processor.py:925} INFO - DAG(s) 'config_driven_dag' retrieved from /opt/airflow/dags/config_driven_dag.py
[2026-04-28T16:19:36.058+0000] {logging_mixin.py:190} INFO - [2026-04-28T16:19:36.057+0000] {dag.py:3239} INFO - Sync 1 DAGs
[2026-04-28T16:19:36.081+0000] {logging_mixin.py:190} INFO - [2026-04-28T16:19:36.081+0000] {dag.py:4180} INFO - Setting next_dagrun for config_driven_dag to 2026-04-28 15:00:00+00:00, run_after=2026-04-28 16:00:00+00:00
[2026-04-28T16:19:36.100+0000] {processor.py:208} INFO - Processing /opt/airflow/dags/config_driven_dag.py took 0.121 seconds
[2026-04-28T16:20:06.394+0000] {processor.py:186} INFO - Started process (PID=904) to work on /opt/airflow/dags/config_driven_dag.py
[2026-04-28T16:20:06.395+0000] {processor.py:914} INFO - Processing file /opt/airflow/dags/config_driven_dag.py for tasks to queue
[2026-04-28T16:20:06.398+0000] {logging_mixin.py:190} INFO - [2026-04-28T16:20:06.397+0000] {dagbag.py:588} INFO - Filling up the DagBag from /opt/airflow/dags/config_driven_dag.py
[2026-04-28T16:20:06.435+0000] {processor.py:925} INFO - DAG(s) 'config_driven_dag' retrieved from /opt/airflow/dags/config_driven_dag.py
[2026-04-28T16:20:06.469+0000] {logging_mixin.py:190} INFO - [2026-04-28T16:20:06.469+0000] {dag.py:3239} INFO - Sync 1 DAGs
[2026-04-28T16:20:06.493+0000] {logging_mixin.py:190} INFO - [2026-04-28T16:20:06.493+0000] {dag.py:4180} INFO - Setting next_dagrun for config_driven_dag to 2026-04-28 15:00:00+00:00, run_after=2026-04-28 16:00:00+00:00
[2026-04-28T16:20:06.512+0000] {processor.py:208} INFO - Processing /opt/airflow/dags/config_driven_dag.py took 0.124 seconds
[2026-04-28T16:20:36.811+0000] {processor.py:186} INFO - Started process (PID=920) to work on /opt/airflow/dags/config_driven_dag.py
[2026-04-28T16:20:36.812+0000] {processor.py:914} INFO - Processing file /opt/airflow/dags/config_driven_dag.py for tasks to queue
[2026-04-28T16:20:36.815+0000] {logging_mixin.py:190} INFO - [2026-04-28T16:20:36.814+0000] {dagbag.py:588} INFO - Filling up the DagBag from /opt/airflow/dags/config_driven_dag.py
[2026-04-28T16:20:36.849+0000] {processor.py:925} INFO - DAG(s) 'config_driven_dag' retrieved from /opt/airflow/dags/config_driven_dag.py
[2026-04-28T16:20:36.881+0000] {logging_mixin.py:190} INFO - [2026-04-28T16:20:36.881+0000] {dag.py:3239} INFO - Sync 1 DAGs
[2026-04-28T16:20:36.910+0000] {logging_mixin.py:190} INFO - [2026-04-28T16:20:36.910+0000] {dag.py:4180} INFO - Setting next_dagrun for config_driven_dag to 2026-04-28 15:00:00+00:00, run_after=2026-04-28 16:00:00+00:00
[2026-04-28T16:20:36.929+0000] {processor.py:208} INFO - Processing /opt/airflow/dags/config_driven_dag.py took 0.124 seconds
[2026-04-28T16:21:07.217+0000] {processor.py:186} INFO - Started process (PID=936) to work on /opt/airflow/dags/config_driven_dag.py
[2026-04-28T16:21:07.218+0000] {processor.py:914} INFO - Processing file /opt/airflow/dags/config_driven_dag.py for tasks to queue
[2026-04-28T16:21:07.220+0000] {logging_mixin.py:190} INFO - [2026-04-28T16:21:07.220+0000] {dagbag.py:588} INFO - Filling up the DagBag from /opt/airflow/dags/config_driven_dag.py
[2026-04-28T16:21:07.257+0000] {processor.py:925} INFO - DAG(s) 'config_driven_dag' retrieved from /opt/airflow/dags/config_driven_dag.py
[2026-04-28T16:21:07.290+0000] {logging_mixin.py:190} INFO - [2026-04-28T16:21:07.290+0000] {dag.py:3239} INFO - Sync 1 DAGs
[2026-04-28T16:21:07.315+0000] {logging_mixin.py:190} INFO - [2026-04-28T16:21:07.315+0000] {dag.py:4180} INFO - Setting next_dagrun for config_driven_dag to 2026-04-28 15:00:00+00:00, run_after=2026-04-28 16:00:00+00:00
[2026-04-28T16:21:07.334+0000] {processor.py:208} INFO - Processing /opt/airflow/dags/config_driven_dag.py took 0.123 seconds
[2026-04-28T16:21:37.629+0000] {processor.py:186} INFO - Started process (PID=952) to work on /opt/airflow/dags/config_driven_dag.py
[2026-04-28T16:21:37.631+0000] {processor.py:914} INFO - Processing file /opt/airflow/dags/config_driven_dag.py for tasks to queue
[2026-04-28T16:21:37.633+0000] {logging_mixin.py:190} INFO - [2026-04-28T16:21:37.633+0000] {dagbag.py:588} INFO - Filling up the DagBag from /opt/airflow/dags/config_driven_dag.py
[2026-04-28T16:21:37.670+0000] {processor.py:925} INFO - DAG(s) 'config_driven_dag' retrieved from /opt/airflow/dags/config_driven_dag.py
[2026-04-28T16:21:37.704+0000] {logging_mixin.py:190} INFO - [2026-04-28T16:21:37.704+0000] {dag.py:3239} INFO - Sync 1 DAGs
[2026-04-28T16:21:37.729+0000] {logging_mixin.py:190} INFO - [2026-04-28T16:21:37.729+0000] {dag.py:4180} INFO - Setting next_dagrun for config_driven_dag to 2026-04-28 15:00:00+00:00, run_after=2026-04-28 16:00:00+00:00
[2026-04-28T16:21:37.750+0000] {processor.py:208} INFO - Processing /opt/airflow/dags/config_driven_dag.py took 0.127 seconds
[2026-04-28T16:22:07.906+0000] {processor.py:186} INFO - Started process (PID=968) to work on /opt/airflow/dags/config_driven_dag.py
[2026-04-28T16:22:07.907+0000] {processor.py:914} INFO - Processing file /opt/airflow/dags/config_driven_dag.py for tasks to queue
[2026-04-28T16:22:07.909+0000] {logging_mixin.py:190} INFO - [2026-04-28T16:22:07.909+0000] {dagbag.py:588} INFO - Filling up the DagBag from /opt/airflow/dags/config_driven_dag.py
[2026-04-28T16:22:07.944+0000] {processor.py:925} INFO - DAG(s) 'config_driven_dag' retrieved from /opt/airflow/dags/config_driven_dag.py
[2026-04-28T16:22:07.980+0000] {logging_mixin.py:190} INFO - [2026-04-28T16:22:07.980+0000] {dag.py:3239} INFO - Sync 1 DAGs
[2026-04-28T16:22:08.006+0000] {logging_mixin.py:190} INFO - [2026-04-28T16:22:08.006+0000] {dag.py:4180} INFO - Setting next_dagrun for config_driven_dag to 2026-04-28 15:00:00+00:00, run_after=2026-04-28 16:00:00+00:00
[2026-04-28T16:22:08.029+0000] {processor.py:208} INFO - Processing /opt/airflow/dags/config_driven_dag.py took 0.130 seconds
[2026-04-28T16:22:38.329+0000] {processor.py:186} INFO - Started process (PID=984) to work on /opt/airflow/dags/config_driven_dag.py
[2026-04-28T16:22:38.331+0000] {processor.py:914} INFO - Processing file /opt/airflow/dags/config_driven_dag.py for tasks to queue
[2026-04-28T16:22:38.333+0000] {logging_mixin.py:190} INFO - [2026-04-28T16:22:38.333+0000] {dagbag.py:588} INFO - Filling up the DagBag from /opt/airflow/dags/config_driven_dag.py
[2026-04-28T16:22:38.374+0000] {processor.py:925} INFO - DAG(s) 'config_driven_dag' retrieved from /opt/airflow/dags/config_driven_dag.py
[2026-04-28T16:22:38.410+0000] {logging_mixin.py:190} INFO - [2026-04-28T16:22:38.410+0000] {dag.py:3239} INFO - Sync 1 DAGs
[2026-04-28T16:22:38.435+0000] {logging_mixin.py:190} INFO - [2026-04-28T16:22:38.434+0000] {dag.py:4180} INFO - Setting next_dagrun for config_driven_dag to 2026-04-28 15:00:00+00:00, run_after=2026-04-28 16:00:00+00:00
[2026-04-28T16:22:38.454+0000] {processor.py:208} INFO - Processing /opt/airflow/dags/config_driven_dag.py took 0.131 seconds
[2026-04-28T16:23:08.774+0000] {processor.py:186} INFO - Started process (PID=1000) to work on /opt/airflow/dags/config_driven_dag.py
[2026-04-28T16:23:08.777+0000] {processor.py:914} INFO - Processing file /opt/airflow/dags/config_driven_dag.py for tasks to queue
[2026-04-28T16:23:08.779+0000] {logging_mixin.py:190} INFO - [2026-04-28T16:23:08.779+0000] {dagbag.py:588} INFO - Filling up the DagBag from /opt/airflow/dags/config_driven_dag.py
[2026-04-28T16:23:08.812+0000] {processor.py:925} INFO - DAG(s) 'config_driven_dag' retrieved from /opt/airflow/dags/config_driven_dag.py
[2026-04-28T16:23:08.846+0000] {logging_mixin.py:190} INFO - [2026-04-28T16:23:08.845+0000] {dag.py:3239} INFO - Sync 1 DAGs
[2026-04-28T16:23:08.869+0000] {logging_mixin.py:190} INFO - [2026-04-28T16:23:08.869+0000] {dag.py:4180} INFO - Setting next_dagrun for config_driven_dag to 2026-04-28 15:00:00+00:00, run_after=2026-04-28 16:00:00+00:00
[2026-04-28T16:23:08.889+0000] {processor.py:208} INFO - Processing /opt/airflow/dags/config_driven_dag.py took 0.120 seconds
[2026-04-28T16:23:39.184+0000] {processor.py:186} INFO - Started process (PID=1016) to work on /opt/airflow/dags/config_driven_dag.py
[2026-04-28T16:23:39.186+0000] {processor.py:914} INFO - Processing file /opt/airflow/dags/config_driven_dag.py for tasks to queue
[2026-04-28T16:23:39.188+0000] {logging_mixin.py:190} INFO - [2026-04-28T16:23:39.188+0000] {dagbag.py:588} INFO - Filling up the DagBag from /opt/airflow/dags/config_driven_dag.py
[2026-04-28T16:23:39.224+0000] {processor.py:925} INFO - DAG(s) 'config_driven_dag' retrieved from /opt/airflow/dags/config_driven_dag.py
[2026-04-28T16:23:39.258+0000] {logging_mixin.py:190} INFO - [2026-04-28T16:23:39.258+0000] {dag.py:3239} INFO - Sync 1 DAGs
[2026-04-28T16:23:39.285+0000] {logging_mixin.py:190} INFO - [2026-04-28T16:23:39.285+0000] {dag.py:4180} INFO - Setting next_dagrun for config_driven_dag to 2026-04-28 15:00:00+00:00, run_after=2026-04-28 16:00:00+00:00
[2026-04-28T16:23:39.305+0000] {processor.py:208} INFO - Processing /opt/airflow/dags/config_driven_dag.py took 0.127 seconds
[2026-04-28T16:24:09.674+0000] {processor.py:186} INFO - Started process (PID=1032) to work on /opt/airflow/dags/config_driven_dag.py
[2026-04-28T16:24:09.676+0000] {processor.py:914} INFO - Processing file /opt/airflow/dags/config_driven_dag.py for tasks to queue
[2026-04-28T16:24:09.679+0000] {logging_mixin.py:190} INFO - [2026-04-28T16:24:09.679+0000] {dagbag.py:588} INFO - Filling up the DagBag from /opt/airflow/dags/config_driven_dag.py
[2026-04-28T16:24:09.724+0000] {processor.py:925} INFO - DAG(s) 'config_driven_dag' retrieved from /opt/airflow/dags/config_driven_dag.py
[2026-04-28T16:24:09.769+0000] {logging_mixin.py:190} INFO - [2026-04-28T16:24:09.769+0000] {dag.py:3239} INFO - Sync 1 DAGs
[2026-04-28T16:24:09.797+0000] {logging_mixin.py:190} INFO - [2026-04-28T16:24:09.797+0000] {dag.py:4180} INFO - Setting next_dagrun for config_driven_dag to 2026-04-28 15:00:00+00:00, run_after=2026-04-28 16:00:00+00:00
[2026-04-28T16:24:09.823+0000] {processor.py:208} INFO - Processing /opt/airflow/dags/config_driven_dag.py took 0.157 seconds
[2026-04-28T16:24:40.137+0000] {processor.py:186} INFO - Started process (PID=1048) to work on /opt/airflow/dags/config_driven_dag.py
[2026-04-28T16:24:40.138+0000] {processor.py:914} INFO - Processing file /opt/airflow/dags/config_driven_dag.py for tasks to queue
[2026-04-28T16:24:40.143+0000] {logging_mixin.py:190} INFO - [2026-04-28T16:24:40.142+0000] {dagbag.py:588} INFO - Filling up the DagBag from /opt/airflow/dags/config_driven_dag.py
[2026-04-28T16:24:40.191+0000] {processor.py:925} INFO - DAG(s) 'config_driven_dag' retrieved from /opt/airflow/dags/config_driven_dag.py
[2026-04-28T16:24:40.228+0000] {logging_mixin.py:190} INFO - [2026-04-28T16:24:40.228+0000] {dag.py:3239} INFO - Sync 1 DAGs
[2026-04-28T16:24:40.258+0000] {logging_mixin.py:190} INFO - [2026-04-28T16:24:40.257+0000] {dag.py:4180} INFO - Setting next_dagrun for config_driven_dag to 2026-04-28 15:00:00+00:00, run_after=2026-04-28 16:00:00+00:00
[2026-04-28T16:24:40.281+0000] {processor.py:208} INFO - Processing /opt/airflow/dags/config_driven_dag.py took 0.150 seconds
[2026-04-28T16:25:10.420+0000] {processor.py:186} INFO - Started process (PID=1064) to work on /opt/airflow/dags/config_driven_dag.py
[2026-04-28T16:25:10.421+0000] {processor.py:914} INFO - Processing file /opt/airflow/dags/config_driven_dag.py for tasks to queue
[2026-04-28T16:25:10.423+0000] {logging_mixin.py:190} INFO - [2026-04-28T16:25:10.423+0000] {dagbag.py:588} INFO - Filling up the DagBag from /opt/airflow/dags/config_driven_dag.py
[2026-04-28T16:25:10.461+0000] {processor.py:925} INFO - DAG(s) 'config_driven_dag' retrieved from /opt/airflow/dags/config_driven_dag.py
[2026-04-28T16:25:10.497+0000] {logging_mixin.py:190} INFO - [2026-04-28T16:25:10.497+0000] {dag.py:3239} INFO - Sync 1 DAGs
[2026-04-28T16:25:10.522+0000] {logging_mixin.py:190} INFO - [2026-04-28T16:25:10.521+0000] {dag.py:4180} INFO - Setting next_dagrun for config_driven_dag to 2026-04-28 15:00:00+00:00, run_after=2026-04-28 16:00:00+00:00
[2026-04-28T16:25:10.541+0000] {processor.py:208} INFO - Processing /opt/airflow/dags/config_driven_dag.py took 0.127 seconds
[2026-04-28T16:25:40.834+0000] {processor.py:186} INFO - Started process (PID=1080) to work on /opt/airflow/dags/config_driven_dag.py
[2026-04-28T16:25:40.835+0000] {processor.py:914} INFO - Processing file /opt/airflow/dags/config_driven_dag.py for tasks to queue
[2026-04-28T16:25:40.838+0000] {logging_mixin.py:190} INFO - [2026-04-28T16:25:40.838+0000] {dagbag.py:588} INFO - Filling up the DagBag from /opt/airflow/dags/config_driven_dag.py
[2026-04-28T16:25:40.871+0000] {processor.py:925} INFO - DAG(s) 'config_driven_dag' retrieved from /opt/airflow/dags/config_driven_dag.py
[2026-04-28T16:25:40.909+0000] {logging_mixin.py:190} INFO - [2026-04-28T16:25:40.909+0000] {dag.py:3239} INFO - Sync 1 DAGs
[2026-04-28T16:25:40.936+0000] {logging_mixin.py:190} INFO - [2026-04-28T16:25:40.935+0000] {dag.py:4180} INFO - Setting next_dagrun for config_driven_dag to 2026-04-28 15:00:00+00:00, run_after=2026-04-28 16:00:00+00:00
[2026-04-28T16:25:40.956+0000] {processor.py:208} INFO - Processing /opt/airflow/dags/config_driven_dag.py took 0.128 seconds
[2026-04-28T16:26:11.244+0000] {processor.py:186} INFO - Started process (PID=1096) to work on /opt/airflow/dags/config_driven_dag.py
[2026-04-28T16:26:11.245+0000] {processor.py:914} INFO - Processing file /opt/airflow/dags/config_driven_dag.py for tasks to queue
[2026-04-28T16:26:11.247+0000] {logging_mixin.py:190} INFO - [2026-04-28T16:26:11.247+0000] {dagbag.py:588} INFO - Filling up the DagBag from /opt/airflow/dags/config_driven_dag.py
[2026-04-28T16:26:11.283+0000] {processor.py:925} INFO - DAG(s) 'config_driven_dag' retrieved from /opt/airflow/dags/config_driven_dag.py
[2026-04-28T16:26:11.315+0000] {logging_mixin.py:190} INFO - [2026-04-28T16:26:11.315+0000] {dag.py:3239} INFO - Sync 1 DAGs
[2026-04-28T16:26:11.339+0000] {logging_mixin.py:190} INFO - [2026-04-28T16:26:11.339+0000] {dag.py:4180} INFO - Setting next_dagrun for config_driven_dag to 2026-04-28 15:00:00+00:00, run_after=2026-04-28 16:00:00+00:00
[2026-04-28T16:26:11.358+0000] {processor.py:208} INFO - Processing /opt/airflow/dags/config_driven_dag.py took 0.121 seconds
[2026-04-28T16:26:41.661+0000] {processor.py:186} INFO - Started process (PID=1112) to work on /opt/airflow/dags/config_driven_dag.py
[2026-04-28T16:26:41.662+0000] {processor.py:914} INFO - Processing file /opt/airflow/dags/config_driven_dag.py for tasks to queue
[2026-04-28T16:26:41.666+0000] {logging_mixin.py:190} INFO - [2026-04-28T16:26:41.665+0000] {dagbag.py:588} INFO - Filling up the DagBag from /opt/airflow/dags/config_driven_dag.py
[2026-04-28T16:26:41.704+0000] {processor.py:925} INFO - DAG(s) 'config_driven_dag' retrieved from /opt/airflow/dags/config_driven_dag.py
[2026-04-28T16:26:41.738+0000] {logging_mixin.py:190} INFO - [2026-04-28T16:26:41.738+0000] {dag.py:3239} INFO - Sync 1 DAGs
[2026-04-28T16:26:41.764+0000] {logging_mixin.py:190} INFO - [2026-04-28T16:26:41.763+0000] {dag.py:4180} INFO - Setting next_dagrun for config_driven_dag to 2026-04-28 15:00:00+00:00, run_after=2026-04-28 16:00:00+00:00
[2026-04-28T16:26:41.783+0000] {processor.py:208} INFO - Processing /opt/airflow/dags/config_driven_dag.py took 0.130 seconds
[2026-04-28T16:27:12.113+0000] {processor.py:186} INFO - Started process (PID=1134) to work on /opt/airflow/dags/config_driven_dag.py
[2026-04-28T16:27:12.114+0000] {processor.py:914} INFO - Processing file /opt/airflow/dags/config_driven_dag.py for tasks to queue
[2026-04-28T16:27:12.117+0000] {logging_mixin.py:190} INFO - [2026-04-28T16:27:12.116+0000] {dagbag.py:588} INFO - Filling up the DagBag from /opt/airflow/dags/config_driven_dag.py
[2026-04-28T16:27:12.150+0000] {processor.py:925} INFO - DAG(s) 'config_driven_dag' retrieved from /opt/airflow/dags/config_driven_dag.py
[2026-04-28T16:27:12.186+0000] {logging_mixin.py:190} INFO - [2026-04-28T16:27:12.186+0000] {dag.py:3239} INFO - Sync 1 DAGs
[2026-04-28T16:27:12.216+0000] {logging_mixin.py:190} INFO - [2026-04-28T16:27:12.216+0000] {dag.py:4180} INFO - Setting next_dagrun for config_driven_dag to 2026-04-28 15:00:00+00:00, run_after=2026-04-28 16:00:00+00:00
[2026-04-28T16:27:12.234+0000] {processor.py:208} INFO - Processing /opt/airflow/dags/config_driven_dag.py took 0.128 seconds
