[2026-04-28T15:53:52.349+0000] {processor.py:186} INFO - Started process (PID=172) to work on /opt/airflow/dags/example_operators.py
[2026-04-28T15:53:52.351+0000] {processor.py:914} INFO - Processing file /opt/airflow/dags/example_operators.py for tasks to queue
[2026-04-28T15:53:52.353+0000] {logging_mixin.py:190} INFO - [2026-04-28T15:53:52.352+0000] {dagbag.py:588} INFO - Filling up the DagBag from /opt/airflow/dags/example_operators.py
[2026-04-28T15:53:52.395+0000] {processor.py:925} INFO - DAG(s) 'example_operators' retrieved from /opt/airflow/dags/example_operators.py
[2026-04-28T15:53:52.654+0000] {logging_mixin.py:190} INFO - [2026-04-28T15:53:52.653+0000] {override.py:1930} INFO - Created Permission View: can edit on DAG:example_operators
[2026-04-28T15:53:52.665+0000] {logging_mixin.py:190} INFO - [2026-04-28T15:53:52.665+0000] {override.py:1930} INFO - Created Permission View: can read on DAG:example_operators
[2026-04-28T15:53:52.672+0000] {logging_mixin.py:190} INFO - [2026-04-28T15:53:52.672+0000] {override.py:1930} INFO - Created Permission View: can delete on DAG:example_operators
[2026-04-28T15:53:52.681+0000] {logging_mixin.py:190} INFO - [2026-04-28T15:53:52.681+0000] {override.py:1930} INFO - Created Permission View: menu access on DAG Run:example_operators
[2026-04-28T15:53:52.688+0000] {logging_mixin.py:190} INFO - [2026-04-28T15:53:52.688+0000] {override.py:1930} INFO - Created Permission View: can read on DAG Run:example_operators
[2026-04-28T15:53:52.695+0000] {logging_mixin.py:190} INFO - [2026-04-28T15:53:52.695+0000] {override.py:1930} INFO - Created Permission View: can create on DAG Run:example_operators
[2026-04-28T15:53:52.702+0000] {logging_mixin.py:190} INFO - [2026-04-28T15:53:52.701+0000] {override.py:1930} INFO - Created Permission View: can delete on DAG Run:example_operators
[2026-04-28T15:53:52.703+0000] {logging_mixin.py:190} INFO - [2026-04-28T15:53:52.702+0000] {dag.py:3239} INFO - Sync 1 DAGs
[2026-04-28T15:53:52.717+0000] {logging_mixin.py:190} INFO - [2026-04-28T15:53:52.717+0000] {dag.py:3262} INFO - Creating ORM DAG for example_operators
[2026-04-28T15:53:52.718+0000] {logging_mixin.py:190} INFO - [2026-04-28T15:53:52.718+0000] {dag.py:4180} INFO - Setting next_dagrun for example_operators to None, run_after=None
[2026-04-28T15:53:52.742+0000] {processor.py:208} INFO - Processing /opt/airflow/dags/example_operators.py took 0.400 seconds
[2026-04-28T15:54:23.009+0000] {processor.py:186} INFO - Started process (PID=183) to work on /opt/airflow/dags/example_operators.py
[2026-04-28T15:54:23.011+0000] {processor.py:914} INFO - Processing file /opt/airflow/dags/example_operators.py for tasks to queue
[2026-04-28T15:54:23.016+0000] {logging_mixin.py:190} INFO - [2026-04-28T15:54:23.016+0000] {dagbag.py:588} INFO - Filling up the DagBag from /opt/airflow/dags/example_operators.py
[2026-04-28T15:54:23.040+0000] {processor.py:925} INFO - DAG(s) 'example_operators' retrieved from /opt/airflow/dags/example_operators.py
[2026-04-28T15:54:23.088+0000] {logging_mixin.py:190} INFO - [2026-04-28T15:54:23.088+0000] {dag.py:3239} INFO - Sync 1 DAGs
[2026-04-28T15:54:23.104+0000] {logging_mixin.py:190} INFO - [2026-04-28T15:54:23.103+0000] {dag.py:4180} INFO - Setting next_dagrun for example_operators to None, run_after=None
[2026-04-28T15:54:23.122+0000] {processor.py:208} INFO - Processing /opt/airflow/dags/example_operators.py took 0.123 seconds
[2026-04-28T15:54:53.216+0000] {processor.py:186} INFO - Started process (PID=194) to work on /opt/airflow/dags/example_operators.py
[2026-04-28T15:54:53.217+0000] {processor.py:914} INFO - Processing file /opt/airflow/dags/example_operators.py for tasks to queue
[2026-04-28T15:54:53.220+0000] {logging_mixin.py:190} INFO - [2026-04-28T15:54:53.219+0000] {dagbag.py:588} INFO - Filling up the DagBag from /opt/airflow/dags/example_operators.py
[2026-04-28T15:54:53.243+0000] {processor.py:925} INFO - DAG(s) 'example_operators' retrieved from /opt/airflow/dags/example_operators.py
[2026-04-28T15:54:53.278+0000] {logging_mixin.py:190} INFO - [2026-04-28T15:54:53.278+0000] {dag.py:3239} INFO - Sync 1 DAGs
[2026-04-28T15:54:53.295+0000] {logging_mixin.py:190} INFO - [2026-04-28T15:54:53.294+0000] {dag.py:4180} INFO - Setting next_dagrun for example_operators to None, run_after=None
[2026-04-28T15:54:53.315+0000] {processor.py:208} INFO - Processing /opt/airflow/dags/example_operators.py took 0.106 seconds
[2026-04-28T15:55:23.561+0000] {processor.py:186} INFO - Started process (PID=205) to work on /opt/airflow/dags/example_operators.py
[2026-04-28T15:55:23.562+0000] {processor.py:914} INFO - Processing file /opt/airflow/dags/example_operators.py for tasks to queue
[2026-04-28T15:55:23.565+0000] {logging_mixin.py:190} INFO - [2026-04-28T15:55:23.565+0000] {dagbag.py:588} INFO - Filling up the DagBag from /opt/airflow/dags/example_operators.py
[2026-04-28T15:55:23.587+0000] {processor.py:925} INFO - DAG(s) 'example_operators' retrieved from /opt/airflow/dags/example_operators.py
[2026-04-28T15:55:23.620+0000] {logging_mixin.py:190} INFO - [2026-04-28T15:55:23.620+0000] {dag.py:3239} INFO - Sync 1 DAGs
[2026-04-28T15:55:23.635+0000] {logging_mixin.py:190} INFO - [2026-04-28T15:55:23.635+0000] {dag.py:4180} INFO - Setting next_dagrun for example_operators to None, run_after=None
[2026-04-28T15:55:23.654+0000] {processor.py:208} INFO - Processing /opt/airflow/dags/example_operators.py took 0.100 seconds
[2026-04-28T15:55:53.782+0000] {processor.py:186} INFO - Started process (PID=216) to work on /opt/airflow/dags/example_operators.py
[2026-04-28T15:55:53.783+0000] {processor.py:914} INFO - Processing file /opt/airflow/dags/example_operators.py for tasks to queue
[2026-04-28T15:55:53.785+0000] {logging_mixin.py:190} INFO - [2026-04-28T15:55:53.785+0000] {dagbag.py:588} INFO - Filling up the DagBag from /opt/airflow/dags/example_operators.py
[2026-04-28T15:55:53.809+0000] {processor.py:925} INFO - DAG(s) 'example_operators' retrieved from /opt/airflow/dags/example_operators.py
[2026-04-28T15:55:53.845+0000] {logging_mixin.py:190} INFO - [2026-04-28T15:55:53.844+0000] {dag.py:3239} INFO - Sync 1 DAGs
[2026-04-28T15:55:53.860+0000] {logging_mixin.py:190} INFO - [2026-04-28T15:55:53.860+0000] {dag.py:4180} INFO - Setting next_dagrun for example_operators to None, run_after=None
[2026-04-28T15:55:53.880+0000] {processor.py:208} INFO - Processing /opt/airflow/dags/example_operators.py took 0.105 seconds
[2026-04-28T15:56:24.084+0000] {processor.py:186} INFO - Started process (PID=227) to work on /opt/airflow/dags/example_operators.py
[2026-04-28T15:56:24.085+0000] {processor.py:914} INFO - Processing file /opt/airflow/dags/example_operators.py for tasks to queue
[2026-04-28T15:56:24.088+0000] {logging_mixin.py:190} INFO - [2026-04-28T15:56:24.088+0000] {dagbag.py:588} INFO - Filling up the DagBag from /opt/airflow/dags/example_operators.py
[2026-04-28T15:56:24.112+0000] {processor.py:925} INFO - DAG(s) 'example_operators' retrieved from /opt/airflow/dags/example_operators.py
[2026-04-28T15:56:24.145+0000] {logging_mixin.py:190} INFO - [2026-04-28T15:56:24.144+0000] {dag.py:3239} INFO - Sync 1 DAGs
[2026-04-28T15:56:24.160+0000] {logging_mixin.py:190} INFO - [2026-04-28T15:56:24.159+0000] {dag.py:4180} INFO - Setting next_dagrun for example_operators to None, run_after=None
[2026-04-28T15:56:24.179+0000] {processor.py:208} INFO - Processing /opt/airflow/dags/example_operators.py took 0.102 seconds
[2026-04-28T15:56:54.305+0000] {processor.py:186} INFO - Started process (PID=238) to work on /opt/airflow/dags/example_operators.py
[2026-04-28T15:56:54.306+0000] {processor.py:914} INFO - Processing file /opt/airflow/dags/example_operators.py for tasks to queue
[2026-04-28T15:56:54.309+0000] {logging_mixin.py:190} INFO - [2026-04-28T15:56:54.308+0000] {dagbag.py:588} INFO - Filling up the DagBag from /opt/airflow/dags/example_operators.py
[2026-04-28T15:56:54.334+0000] {processor.py:925} INFO - DAG(s) 'example_operators' retrieved from /opt/airflow/dags/example_operators.py
[2026-04-28T15:56:54.370+0000] {logging_mixin.py:190} INFO - [2026-04-28T15:56:54.369+0000] {dag.py:3239} INFO - Sync 1 DAGs
[2026-04-28T15:56:54.388+0000] {logging_mixin.py:190} INFO - [2026-04-28T15:56:54.388+0000] {dag.py:4180} INFO - Setting next_dagrun for example_operators to None, run_after=None
[2026-04-28T15:56:54.407+0000] {processor.py:208} INFO - Processing /opt/airflow/dags/example_operators.py took 0.109 seconds
[2026-04-28T15:57:24.655+0000] {processor.py:186} INFO - Started process (PID=249) to work on /opt/airflow/dags/example_operators.py
[2026-04-28T15:57:24.658+0000] {processor.py:914} INFO - Processing file /opt/airflow/dags/example_operators.py for tasks to queue
[2026-04-28T15:57:24.664+0000] {logging_mixin.py:190} INFO - [2026-04-28T15:57:24.663+0000] {dagbag.py:588} INFO - Filling up the DagBag from /opt/airflow/dags/example_operators.py
[2026-04-28T15:57:24.698+0000] {processor.py:925} INFO - DAG(s) 'example_operators' retrieved from /opt/airflow/dags/example_operators.py
[2026-04-28T15:57:24.737+0000] {logging_mixin.py:190} INFO - [2026-04-28T15:57:24.736+0000] {dag.py:3239} INFO - Sync 1 DAGs
[2026-04-28T15:57:24.756+0000] {logging_mixin.py:190} INFO - [2026-04-28T15:57:24.755+0000] {dag.py:4180} INFO - Setting next_dagrun for example_operators to None, run_after=None
[2026-04-28T15:57:24.780+0000] {processor.py:208} INFO - Processing /opt/airflow/dags/example_operators.py took 0.137 seconds
[2026-04-28T15:57:54.873+0000] {processor.py:186} INFO - Started process (PID=260) to work on /opt/airflow/dags/example_operators.py
[2026-04-28T15:57:54.874+0000] {processor.py:914} INFO - Processing file /opt/airflow/dags/example_operators.py for tasks to queue
[2026-04-28T15:57:54.878+0000] {logging_mixin.py:190} INFO - [2026-04-28T15:57:54.878+0000] {dagbag.py:588} INFO - Filling up the DagBag from /opt/airflow/dags/example_operators.py
[2026-04-28T15:57:54.908+0000] {processor.py:925} INFO - DAG(s) 'example_operators' retrieved from /opt/airflow/dags/example_operators.py
[2026-04-28T15:57:54.946+0000] {logging_mixin.py:190} INFO - [2026-04-28T15:57:54.946+0000] {dag.py:3239} INFO - Sync 1 DAGs
[2026-04-28T15:57:54.962+0000] {logging_mixin.py:190} INFO - [2026-04-28T15:57:54.962+0000] {dag.py:4180} INFO - Setting next_dagrun for example_operators to None, run_after=None
[2026-04-28T15:57:54.983+0000] {processor.py:208} INFO - Processing /opt/airflow/dags/example_operators.py took 0.117 seconds
[2026-04-28T15:58:25.217+0000] {processor.py:186} INFO - Started process (PID=271) to work on /opt/airflow/dags/example_operators.py
[2026-04-28T15:58:25.218+0000] {processor.py:914} INFO - Processing file /opt/airflow/dags/example_operators.py for tasks to queue
[2026-04-28T15:58:25.222+0000] {logging_mixin.py:190} INFO - [2026-04-28T15:58:25.221+0000] {dagbag.py:588} INFO - Filling up the DagBag from /opt/airflow/dags/example_operators.py
[2026-04-28T15:58:25.243+0000] {processor.py:925} INFO - DAG(s) 'example_operators' retrieved from /opt/airflow/dags/example_operators.py
[2026-04-28T15:58:25.277+0000] {logging_mixin.py:190} INFO - [2026-04-28T15:58:25.277+0000] {dag.py:3239} INFO - Sync 1 DAGs
[2026-04-28T15:58:25.292+0000] {logging_mixin.py:190} INFO - [2026-04-28T15:58:25.292+0000] {dag.py:4180} INFO - Setting next_dagrun for example_operators to None, run_after=None
[2026-04-28T15:58:25.311+0000] {processor.py:208} INFO - Processing /opt/airflow/dags/example_operators.py took 0.100 seconds
[2026-04-28T15:58:55.467+0000] {processor.py:186} INFO - Started process (PID=282) to work on /opt/airflow/dags/example_operators.py
[2026-04-28T15:58:55.468+0000] {processor.py:914} INFO - Processing file /opt/airflow/dags/example_operators.py for tasks to queue
[2026-04-28T15:58:55.471+0000] {logging_mixin.py:190} INFO - [2026-04-28T15:58:55.471+0000] {dagbag.py:588} INFO - Filling up the DagBag from /opt/airflow/dags/example_operators.py
[2026-04-28T15:58:55.494+0000] {processor.py:925} INFO - DAG(s) 'example_operators' retrieved from /opt/airflow/dags/example_operators.py
[2026-04-28T15:58:55.528+0000] {logging_mixin.py:190} INFO - [2026-04-28T15:58:55.528+0000] {dag.py:3239} INFO - Sync 1 DAGs
[2026-04-28T15:58:55.543+0000] {logging_mixin.py:190} INFO - [2026-04-28T15:58:55.543+0000] {dag.py:4180} INFO - Setting next_dagrun for example_operators to None, run_after=None
[2026-04-28T15:58:55.562+0000] {processor.py:208} INFO - Processing /opt/airflow/dags/example_operators.py took 0.101 seconds
[2026-04-28T15:59:25.749+0000] {processor.py:186} INFO - Started process (PID=293) to work on /opt/airflow/dags/example_operators.py
[2026-04-28T15:59:25.750+0000] {processor.py:914} INFO - Processing file /opt/airflow/dags/example_operators.py for tasks to queue
[2026-04-28T15:59:25.754+0000] {logging_mixin.py:190} INFO - [2026-04-28T15:59:25.753+0000] {dagbag.py:588} INFO - Filling up the DagBag from /opt/airflow/dags/example_operators.py
[2026-04-28T15:59:25.783+0000] {processor.py:925} INFO - DAG(s) 'example_operators' retrieved from /opt/airflow/dags/example_operators.py
[2026-04-28T15:59:25.822+0000] {logging_mixin.py:190} INFO - [2026-04-28T15:59:25.822+0000] {dag.py:3239} INFO - Sync 1 DAGs
[2026-04-28T15:59:25.838+0000] {logging_mixin.py:190} INFO - [2026-04-28T15:59:25.838+0000] {dag.py:4180} INFO - Setting next_dagrun for example_operators to None, run_after=None
[2026-04-28T15:59:25.859+0000] {processor.py:208} INFO - Processing /opt/airflow/dags/example_operators.py took 0.119 seconds
[2026-04-28T15:59:56.006+0000] {processor.py:186} INFO - Started process (PID=304) to work on /opt/airflow/dags/example_operators.py
[2026-04-28T15:59:56.007+0000] {processor.py:914} INFO - Processing file /opt/airflow/dags/example_operators.py for tasks to queue
[2026-04-28T15:59:56.010+0000] {logging_mixin.py:190} INFO - [2026-04-28T15:59:56.009+0000] {dagbag.py:588} INFO - Filling up the DagBag from /opt/airflow/dags/example_operators.py
[2026-04-28T15:59:56.034+0000] {processor.py:925} INFO - DAG(s) 'example_operators' retrieved from /opt/airflow/dags/example_operators.py
[2026-04-28T15:59:56.070+0000] {logging_mixin.py:190} INFO - [2026-04-28T15:59:56.070+0000] {dag.py:3239} INFO - Sync 1 DAGs
[2026-04-28T15:59:56.085+0000] {logging_mixin.py:190} INFO - [2026-04-28T15:59:56.085+0000] {dag.py:4180} INFO - Setting next_dagrun for example_operators to None, run_after=None
[2026-04-28T15:59:56.104+0000] {processor.py:208} INFO - Processing /opt/airflow/dags/example_operators.py took 0.106 seconds
[2026-04-28T16:00:26.291+0000] {processor.py:186} INFO - Started process (PID=315) to work on /opt/airflow/dags/example_operators.py
[2026-04-28T16:00:26.292+0000] {processor.py:914} INFO - Processing file /opt/airflow/dags/example_operators.py for tasks to queue
[2026-04-28T16:00:26.295+0000] {logging_mixin.py:190} INFO - [2026-04-28T16:00:26.295+0000] {dagbag.py:588} INFO - Filling up the DagBag from /opt/airflow/dags/example_operators.py
[2026-04-28T16:00:26.319+0000] {processor.py:925} INFO - DAG(s) 'example_operators' retrieved from /opt/airflow/dags/example_operators.py
[2026-04-28T16:00:26.353+0000] {logging_mixin.py:190} INFO - [2026-04-28T16:00:26.352+0000] {dag.py:3239} INFO - Sync 1 DAGs
[2026-04-28T16:00:26.367+0000] {logging_mixin.py:190} INFO - [2026-04-28T16:00:26.367+0000] {dag.py:4180} INFO - Setting next_dagrun for example_operators to None, run_after=None
[2026-04-28T16:00:26.386+0000] {processor.py:208} INFO - Processing /opt/airflow/dags/example_operators.py took 0.100 seconds
[2026-04-28T16:00:56.537+0000] {processor.py:186} INFO - Started process (PID=326) to work on /opt/airflow/dags/example_operators.py
[2026-04-28T16:00:56.538+0000] {processor.py:914} INFO - Processing file /opt/airflow/dags/example_operators.py for tasks to queue
[2026-04-28T16:00:56.540+0000] {logging_mixin.py:190} INFO - [2026-04-28T16:00:56.540+0000] {dagbag.py:588} INFO - Filling up the DagBag from /opt/airflow/dags/example_operators.py
[2026-04-28T16:00:56.561+0000] {processor.py:925} INFO - DAG(s) 'example_operators' retrieved from /opt/airflow/dags/example_operators.py
[2026-04-28T16:00:56.596+0000] {logging_mixin.py:190} INFO - [2026-04-28T16:00:56.596+0000] {dag.py:3239} INFO - Sync 1 DAGs
[2026-04-28T16:00:56.611+0000] {logging_mixin.py:190} INFO - [2026-04-28T16:00:56.610+0000] {dag.py:4180} INFO - Setting next_dagrun for example_operators to None, run_after=None
[2026-04-28T16:00:56.629+0000] {processor.py:208} INFO - Processing /opt/airflow/dags/example_operators.py took 0.098 seconds
[2026-04-28T16:01:26.818+0000] {processor.py:186} INFO - Started process (PID=337) to work on /opt/airflow/dags/example_operators.py
[2026-04-28T16:01:26.819+0000] {processor.py:914} INFO - Processing file /opt/airflow/dags/example_operators.py for tasks to queue
[2026-04-28T16:01:26.822+0000] {logging_mixin.py:190} INFO - [2026-04-28T16:01:26.822+0000] {dagbag.py:588} INFO - Filling up the DagBag from /opt/airflow/dags/example_operators.py
[2026-04-28T16:01:26.849+0000] {processor.py:925} INFO - DAG(s) 'example_operators' retrieved from /opt/airflow/dags/example_operators.py
[2026-04-28T16:01:26.885+0000] {logging_mixin.py:190} INFO - [2026-04-28T16:01:26.885+0000] {dag.py:3239} INFO - Sync 1 DAGs
[2026-04-28T16:01:26.902+0000] {logging_mixin.py:190} INFO - [2026-04-28T16:01:26.901+0000] {dag.py:4180} INFO - Setting next_dagrun for example_operators to None, run_after=None
[2026-04-28T16:01:26.927+0000] {processor.py:208} INFO - Processing /opt/airflow/dags/example_operators.py took 0.114 seconds
[2026-04-28T16:01:57.079+0000] {processor.py:186} INFO - Started process (PID=348) to work on /opt/airflow/dags/example_operators.py
[2026-04-28T16:01:57.080+0000] {processor.py:914} INFO - Processing file /opt/airflow/dags/example_operators.py for tasks to queue
[2026-04-28T16:01:57.083+0000] {logging_mixin.py:190} INFO - [2026-04-28T16:01:57.083+0000] {dagbag.py:588} INFO - Filling up the DagBag from /opt/airflow/dags/example_operators.py
[2026-04-28T16:01:57.107+0000] {processor.py:925} INFO - DAG(s) 'example_operators' retrieved from /opt/airflow/dags/example_operators.py
[2026-04-28T16:01:57.143+0000] {logging_mixin.py:190} INFO - [2026-04-28T16:01:57.143+0000] {dag.py:3239} INFO - Sync 1 DAGs
[2026-04-28T16:01:57.159+0000] {logging_mixin.py:190} INFO - [2026-04-28T16:01:57.159+0000] {dag.py:4180} INFO - Setting next_dagrun for example_operators to None, run_after=None
[2026-04-28T16:01:57.181+0000] {processor.py:208} INFO - Processing /opt/airflow/dags/example_operators.py took 0.110 seconds
[2026-04-28T16:02:27.362+0000] {processor.py:186} INFO - Started process (PID=359) to work on /opt/airflow/dags/example_operators.py
[2026-04-28T16:02:27.363+0000] {processor.py:914} INFO - Processing file /opt/airflow/dags/example_operators.py for tasks to queue
[2026-04-28T16:02:27.366+0000] {logging_mixin.py:190} INFO - [2026-04-28T16:02:27.366+0000] {dagbag.py:588} INFO - Filling up the DagBag from /opt/airflow/dags/example_operators.py
[2026-04-28T16:02:27.391+0000] {processor.py:925} INFO - DAG(s) 'example_operators' retrieved from /opt/airflow/dags/example_operators.py
[2026-04-28T16:02:27.424+0000] {logging_mixin.py:190} INFO - [2026-04-28T16:02:27.423+0000] {dag.py:3239} INFO - Sync 1 DAGs
[2026-04-28T16:02:27.438+0000] {logging_mixin.py:190} INFO - [2026-04-28T16:02:27.438+0000] {dag.py:4180} INFO - Setting next_dagrun for example_operators to None, run_after=None
[2026-04-28T16:02:27.456+0000] {processor.py:208} INFO - Processing /opt/airflow/dags/example_operators.py took 0.100 seconds
[2026-04-28T16:02:57.621+0000] {processor.py:186} INFO - Started process (PID=370) to work on /opt/airflow/dags/example_operators.py
[2026-04-28T16:02:57.622+0000] {processor.py:914} INFO - Processing file /opt/airflow/dags/example_operators.py for tasks to queue
[2026-04-28T16:02:57.624+0000] {logging_mixin.py:190} INFO - [2026-04-28T16:02:57.624+0000] {dagbag.py:588} INFO - Filling up the DagBag from /opt/airflow/dags/example_operators.py
[2026-04-28T16:02:57.650+0000] {processor.py:925} INFO - DAG(s) 'example_operators' retrieved from /opt/airflow/dags/example_operators.py
[2026-04-28T16:02:57.698+0000] {logging_mixin.py:190} INFO - [2026-04-28T16:02:57.698+0000] {dag.py:3239} INFO - Sync 1 DAGs
[2026-04-28T16:02:57.715+0000] {logging_mixin.py:190} INFO - [2026-04-28T16:02:57.714+0000] {dag.py:4180} INFO - Setting next_dagrun for example_operators to None, run_after=None
[2026-04-28T16:02:57.736+0000] {processor.py:208} INFO - Processing /opt/airflow/dags/example_operators.py took 0.120 seconds
[2026-04-28T16:03:27.890+0000] {processor.py:186} INFO - Started process (PID=381) to work on /opt/airflow/dags/example_operators.py
[2026-04-28T16:03:27.891+0000] {processor.py:914} INFO - Processing file /opt/airflow/dags/example_operators.py for tasks to queue
[2026-04-28T16:03:27.893+0000] {logging_mixin.py:190} INFO - [2026-04-28T16:03:27.893+0000] {dagbag.py:588} INFO - Filling up the DagBag from /opt/airflow/dags/example_operators.py
[2026-04-28T16:03:27.914+0000] {processor.py:925} INFO - DAG(s) 'example_operators' retrieved from /opt/airflow/dags/example_operators.py
[2026-04-28T16:03:27.950+0000] {logging_mixin.py:190} INFO - [2026-04-28T16:03:27.949+0000] {dag.py:3239} INFO - Sync 1 DAGs
[2026-04-28T16:03:27.965+0000] {logging_mixin.py:190} INFO - [2026-04-28T16:03:27.964+0000] {dag.py:4180} INFO - Setting next_dagrun for example_operators to None, run_after=None
[2026-04-28T16:03:27.984+0000] {processor.py:208} INFO - Processing /opt/airflow/dags/example_operators.py took 0.101 seconds
[2026-04-28T16:03:58.229+0000] {processor.py:186} INFO - Started process (PID=397) to work on /opt/airflow/dags/example_operators.py
[2026-04-28T16:03:58.230+0000] {processor.py:914} INFO - Processing file /opt/airflow/dags/example_operators.py for tasks to queue
[2026-04-28T16:03:58.233+0000] {logging_mixin.py:190} INFO - [2026-04-28T16:03:58.232+0000] {dagbag.py:588} INFO - Filling up the DagBag from /opt/airflow/dags/example_operators.py
[2026-04-28T16:03:58.258+0000] {processor.py:925} INFO - DAG(s) 'example_operators' retrieved from /opt/airflow/dags/example_operators.py
[2026-04-28T16:03:58.294+0000] {logging_mixin.py:190} INFO - [2026-04-28T16:03:58.293+0000] {dag.py:3239} INFO - Sync 1 DAGs
[2026-04-28T16:03:58.309+0000] {logging_mixin.py:190} INFO - [2026-04-28T16:03:58.309+0000] {dag.py:4180} INFO - Setting next_dagrun for example_operators to None, run_after=None
[2026-04-28T16:03:58.329+0000] {processor.py:208} INFO - Processing /opt/airflow/dags/example_operators.py took 0.106 seconds
[2026-04-28T16:04:28.616+0000] {processor.py:186} INFO - Started process (PID=413) to work on /opt/airflow/dags/example_operators.py
[2026-04-28T16:04:28.618+0000] {processor.py:914} INFO - Processing file /opt/airflow/dags/example_operators.py for tasks to queue
[2026-04-28T16:04:28.622+0000] {logging_mixin.py:190} INFO - [2026-04-28T16:04:28.621+0000] {dagbag.py:588} INFO - Filling up the DagBag from /opt/airflow/dags/example_operators.py
[2026-04-28T16:04:28.646+0000] {processor.py:925} INFO - DAG(s) 'example_operators' retrieved from /opt/airflow/dags/example_operators.py
[2026-04-28T16:04:28.686+0000] {logging_mixin.py:190} INFO - [2026-04-28T16:04:28.686+0000] {dag.py:3239} INFO - Sync 1 DAGs
[2026-04-28T16:04:28.703+0000] {logging_mixin.py:190} INFO - [2026-04-28T16:04:28.703+0000] {dag.py:4180} INFO - Setting next_dagrun for example_operators to None, run_after=None
[2026-04-28T16:04:28.724+0000] {processor.py:208} INFO - Processing /opt/airflow/dags/example_operators.py took 0.116 seconds
[2026-04-28T16:04:59.005+0000] {processor.py:186} INFO - Started process (PID=429) to work on /opt/airflow/dags/example_operators.py
[2026-04-28T16:04:59.006+0000] {processor.py:914} INFO - Processing file /opt/airflow/dags/example_operators.py for tasks to queue
[2026-04-28T16:04:59.008+0000] {logging_mixin.py:190} INFO - [2026-04-28T16:04:59.008+0000] {dagbag.py:588} INFO - Filling up the DagBag from /opt/airflow/dags/example_operators.py
[2026-04-28T16:04:59.031+0000] {processor.py:925} INFO - DAG(s) 'example_operators' retrieved from /opt/airflow/dags/example_operators.py
[2026-04-28T16:04:59.067+0000] {logging_mixin.py:190} INFO - [2026-04-28T16:04:59.067+0000] {dag.py:3239} INFO - Sync 1 DAGs
[2026-04-28T16:04:59.091+0000] {logging_mixin.py:190} INFO - [2026-04-28T16:04:59.091+0000] {dag.py:4180} INFO - Setting next_dagrun for example_operators to None, run_after=None
[2026-04-28T16:04:59.112+0000] {processor.py:208} INFO - Processing /opt/airflow/dags/example_operators.py took 0.113 seconds
[2026-04-28T16:05:29.400+0000] {processor.py:186} INFO - Started process (PID=445) to work on /opt/airflow/dags/example_operators.py
[2026-04-28T16:05:29.401+0000] {processor.py:914} INFO - Processing file /opt/airflow/dags/example_operators.py for tasks to queue
[2026-04-28T16:05:29.403+0000] {logging_mixin.py:190} INFO - [2026-04-28T16:05:29.403+0000] {dagbag.py:588} INFO - Filling up the DagBag from /opt/airflow/dags/example_operators.py
[2026-04-28T16:05:29.426+0000] {processor.py:925} INFO - DAG(s) 'example_operators' retrieved from /opt/airflow/dags/example_operators.py
[2026-04-28T16:05:29.462+0000] {logging_mixin.py:190} INFO - [2026-04-28T16:05:29.461+0000] {dag.py:3239} INFO - Sync 1 DAGs
[2026-04-28T16:05:29.477+0000] {logging_mixin.py:190} INFO - [2026-04-28T16:05:29.477+0000] {dag.py:4180} INFO - Setting next_dagrun for example_operators to None, run_after=None
[2026-04-28T16:05:29.509+0000] {processor.py:208} INFO - Processing /opt/airflow/dags/example_operators.py took 0.115 seconds
[2026-04-28T16:05:59.778+0000] {processor.py:186} INFO - Started process (PID=461) to work on /opt/airflow/dags/example_operators.py
[2026-04-28T16:05:59.779+0000] {processor.py:914} INFO - Processing file /opt/airflow/dags/example_operators.py for tasks to queue
[2026-04-28T16:05:59.781+0000] {logging_mixin.py:190} INFO - [2026-04-28T16:05:59.781+0000] {dagbag.py:588} INFO - Filling up the DagBag from /opt/airflow/dags/example_operators.py
[2026-04-28T16:05:59.803+0000] {processor.py:925} INFO - DAG(s) 'example_operators' retrieved from /opt/airflow/dags/example_operators.py
[2026-04-28T16:05:59.836+0000] {logging_mixin.py:190} INFO - [2026-04-28T16:05:59.836+0000] {dag.py:3239} INFO - Sync 1 DAGs
[2026-04-28T16:05:59.851+0000] {logging_mixin.py:190} INFO - [2026-04-28T16:05:59.851+0000] {dag.py:4180} INFO - Setting next_dagrun for example_operators to None, run_after=None
[2026-04-28T16:05:59.873+0000] {processor.py:208} INFO - Processing /opt/airflow/dags/example_operators.py took 0.102 seconds
[2026-04-28T16:06:30.155+0000] {processor.py:186} INFO - Started process (PID=477) to work on /opt/airflow/dags/example_operators.py
[2026-04-28T16:06:30.156+0000] {processor.py:914} INFO - Processing file /opt/airflow/dags/example_operators.py for tasks to queue
[2026-04-28T16:06:30.158+0000] {logging_mixin.py:190} INFO - [2026-04-28T16:06:30.157+0000] {dagbag.py:588} INFO - Filling up the DagBag from /opt/airflow/dags/example_operators.py
[2026-04-28T16:06:30.180+0000] {processor.py:925} INFO - DAG(s) 'example_operators' retrieved from /opt/airflow/dags/example_operators.py
[2026-04-28T16:06:30.212+0000] {logging_mixin.py:190} INFO - [2026-04-28T16:06:30.212+0000] {dag.py:3239} INFO - Sync 1 DAGs
[2026-04-28T16:06:30.225+0000] {logging_mixin.py:190} INFO - [2026-04-28T16:06:30.225+0000] {dag.py:4180} INFO - Setting next_dagrun for example_operators to None, run_after=None
[2026-04-28T16:06:30.244+0000] {processor.py:208} INFO - Processing /opt/airflow/dags/example_operators.py took 0.095 seconds
[2026-04-28T16:07:00.525+0000] {processor.py:186} INFO - Started process (PID=493) to work on /opt/airflow/dags/example_operators.py
[2026-04-28T16:07:00.526+0000] {processor.py:914} INFO - Processing file /opt/airflow/dags/example_operators.py for tasks to queue
[2026-04-28T16:07:00.530+0000] {logging_mixin.py:190} INFO - [2026-04-28T16:07:00.529+0000] {dagbag.py:588} INFO - Filling up the DagBag from /opt/airflow/dags/example_operators.py
[2026-04-28T16:07:00.555+0000] {processor.py:925} INFO - DAG(s) 'example_operators' retrieved from /opt/airflow/dags/example_operators.py
[2026-04-28T16:07:00.591+0000] {logging_mixin.py:190} INFO - [2026-04-28T16:07:00.591+0000] {dag.py:3239} INFO - Sync 1 DAGs
[2026-04-28T16:07:00.608+0000] {logging_mixin.py:190} INFO - [2026-04-28T16:07:00.608+0000] {dag.py:4180} INFO - Setting next_dagrun for example_operators to None, run_after=None
[2026-04-28T16:07:00.632+0000] {processor.py:208} INFO - Processing /opt/airflow/dags/example_operators.py took 0.113 seconds
[2026-04-28T16:07:30.914+0000] {processor.py:186} INFO - Started process (PID=509) to work on /opt/airflow/dags/example_operators.py
[2026-04-28T16:07:30.915+0000] {processor.py:914} INFO - Processing file /opt/airflow/dags/example_operators.py for tasks to queue
[2026-04-28T16:07:30.917+0000] {logging_mixin.py:190} INFO - [2026-04-28T16:07:30.917+0000] {dagbag.py:588} INFO - Filling up the DagBag from /opt/airflow/dags/example_operators.py
[2026-04-28T16:07:30.942+0000] {processor.py:925} INFO - DAG(s) 'example_operators' retrieved from /opt/airflow/dags/example_operators.py
[2026-04-28T16:07:30.978+0000] {logging_mixin.py:190} INFO - [2026-04-28T16:07:30.978+0000] {dag.py:3239} INFO - Sync 1 DAGs
[2026-04-28T16:07:30.994+0000] {logging_mixin.py:190} INFO - [2026-04-28T16:07:30.994+0000] {dag.py:4180} INFO - Setting next_dagrun for example_operators to None, run_after=None
[2026-04-28T16:07:31.015+0000] {processor.py:208} INFO - Processing /opt/airflow/dags/example_operators.py took 0.107 seconds
[2026-04-28T16:08:01.295+0000] {processor.py:186} INFO - Started process (PID=525) to work on /opt/airflow/dags/example_operators.py
[2026-04-28T16:08:01.296+0000] {processor.py:914} INFO - Processing file /opt/airflow/dags/example_operators.py for tasks to queue
[2026-04-28T16:08:01.299+0000] {logging_mixin.py:190} INFO - [2026-04-28T16:08:01.298+0000] {dagbag.py:588} INFO - Filling up the DagBag from /opt/airflow/dags/example_operators.py
[2026-04-28T16:08:01.326+0000] {processor.py:925} INFO - DAG(s) 'example_operators' retrieved from /opt/airflow/dags/example_operators.py
[2026-04-28T16:08:01.365+0000] {logging_mixin.py:190} INFO - [2026-04-28T16:08:01.365+0000] {dag.py:3239} INFO - Sync 1 DAGs
[2026-04-28T16:08:01.381+0000] {logging_mixin.py:190} INFO - [2026-04-28T16:08:01.381+0000] {dag.py:4180} INFO - Setting next_dagrun for example_operators to None, run_after=None
[2026-04-28T16:08:01.402+0000] {processor.py:208} INFO - Processing /opt/airflow/dags/example_operators.py took 0.113 seconds
[2026-04-28T16:08:31.671+0000] {processor.py:186} INFO - Started process (PID=541) to work on /opt/airflow/dags/example_operators.py
[2026-04-28T16:08:31.672+0000] {processor.py:914} INFO - Processing file /opt/airflow/dags/example_operators.py for tasks to queue
[2026-04-28T16:08:31.674+0000] {logging_mixin.py:190} INFO - [2026-04-28T16:08:31.674+0000] {dagbag.py:588} INFO - Filling up the DagBag from /opt/airflow/dags/example_operators.py
[2026-04-28T16:08:31.699+0000] {processor.py:925} INFO - DAG(s) 'example_operators' retrieved from /opt/airflow/dags/example_operators.py
[2026-04-28T16:08:31.743+0000] {logging_mixin.py:190} INFO - [2026-04-28T16:08:31.743+0000] {dag.py:3239} INFO - Sync 1 DAGs
[2026-04-28T16:08:31.760+0000] {logging_mixin.py:190} INFO - [2026-04-28T16:08:31.760+0000] {dag.py:4180} INFO - Setting next_dagrun for example_operators to None, run_after=None
[2026-04-28T16:08:31.781+0000] {processor.py:208} INFO - Processing /opt/airflow/dags/example_operators.py took 0.116 seconds
[2026-04-28T16:09:02.104+0000] {processor.py:186} INFO - Started process (PID=557) to work on /opt/airflow/dags/example_operators.py
[2026-04-28T16:09:02.105+0000] {processor.py:914} INFO - Processing file /opt/airflow/dags/example_operators.py for tasks to queue
[2026-04-28T16:09:02.108+0000] {logging_mixin.py:190} INFO - [2026-04-28T16:09:02.107+0000] {dagbag.py:588} INFO - Filling up the DagBag from /opt/airflow/dags/example_operators.py
[2026-04-28T16:09:02.133+0000] {processor.py:925} INFO - DAG(s) 'example_operators' retrieved from /opt/airflow/dags/example_operators.py
[2026-04-28T16:09:02.171+0000] {logging_mixin.py:190} INFO - [2026-04-28T16:09:02.170+0000] {dag.py:3239} INFO - Sync 1 DAGs
[2026-04-28T16:09:02.186+0000] {logging_mixin.py:190} INFO - [2026-04-28T16:09:02.186+0000] {dag.py:4180} INFO - Setting next_dagrun for example_operators to None, run_after=None
[2026-04-28T16:09:02.207+0000] {processor.py:208} INFO - Processing /opt/airflow/dags/example_operators.py took 0.109 seconds
[2026-04-28T16:09:32.478+0000] {processor.py:186} INFO - Started process (PID=573) to work on /opt/airflow/dags/example_operators.py
[2026-04-28T16:09:32.479+0000] {processor.py:914} INFO - Processing file /opt/airflow/dags/example_operators.py for tasks to queue
[2026-04-28T16:09:32.481+0000] {logging_mixin.py:190} INFO - [2026-04-28T16:09:32.481+0000] {dagbag.py:588} INFO - Filling up the DagBag from /opt/airflow/dags/example_operators.py
[2026-04-28T16:09:32.505+0000] {processor.py:925} INFO - DAG(s) 'example_operators' retrieved from /opt/airflow/dags/example_operators.py
[2026-04-28T16:09:32.539+0000] {logging_mixin.py:190} INFO - [2026-04-28T16:09:32.539+0000] {dag.py:3239} INFO - Sync 1 DAGs
[2026-04-28T16:09:32.554+0000] {logging_mixin.py:190} INFO - [2026-04-28T16:09:32.554+0000] {dag.py:4180} INFO - Setting next_dagrun for example_operators to None, run_after=None
[2026-04-28T16:09:32.574+0000] {processor.py:208} INFO - Processing /opt/airflow/dags/example_operators.py took 0.102 seconds
[2026-04-28T16:10:02.854+0000] {processor.py:186} INFO - Started process (PID=589) to work on /opt/airflow/dags/example_operators.py
[2026-04-28T16:10:02.856+0000] {processor.py:914} INFO - Processing file /opt/airflow/dags/example_operators.py for tasks to queue
[2026-04-28T16:10:02.858+0000] {logging_mixin.py:190} INFO - [2026-04-28T16:10:02.858+0000] {dagbag.py:588} INFO - Filling up the DagBag from /opt/airflow/dags/example_operators.py
[2026-04-28T16:10:02.879+0000] {processor.py:925} INFO - DAG(s) 'example_operators' retrieved from /opt/airflow/dags/example_operators.py
[2026-04-28T16:10:02.916+0000] {logging_mixin.py:190} INFO - [2026-04-28T16:10:02.916+0000] {dag.py:3239} INFO - Sync 1 DAGs
[2026-04-28T16:10:02.932+0000] {logging_mixin.py:190} INFO - [2026-04-28T16:10:02.932+0000] {dag.py:4180} INFO - Setting next_dagrun for example_operators to None, run_after=None
[2026-04-28T16:10:02.953+0000] {processor.py:208} INFO - Processing /opt/airflow/dags/example_operators.py took 0.105 seconds
[2026-04-28T16:10:33.228+0000] {processor.py:186} INFO - Started process (PID=605) to work on /opt/airflow/dags/example_operators.py
[2026-04-28T16:10:33.229+0000] {processor.py:914} INFO - Processing file /opt/airflow/dags/example_operators.py for tasks to queue
[2026-04-28T16:10:33.232+0000] {logging_mixin.py:190} INFO - [2026-04-28T16:10:33.232+0000] {dagbag.py:588} INFO - Filling up the DagBag from /opt/airflow/dags/example_operators.py
[2026-04-28T16:10:33.254+0000] {processor.py:925} INFO - DAG(s) 'example_operators' retrieved from /opt/airflow/dags/example_operators.py
[2026-04-28T16:10:33.292+0000] {logging_mixin.py:190} INFO - [2026-04-28T16:10:33.292+0000] {dag.py:3239} INFO - Sync 1 DAGs
[2026-04-28T16:10:33.309+0000] {logging_mixin.py:190} INFO - [2026-04-28T16:10:33.309+0000] {dag.py:4180} INFO - Setting next_dagrun for example_operators to None, run_after=None
[2026-04-28T16:10:33.331+0000] {processor.py:208} INFO - Processing /opt/airflow/dags/example_operators.py took 0.109 seconds
[2026-04-28T16:11:03.636+0000] {processor.py:186} INFO - Started process (PID=621) to work on /opt/airflow/dags/example_operators.py
[2026-04-28T16:11:03.637+0000] {processor.py:914} INFO - Processing file /opt/airflow/dags/example_operators.py for tasks to queue
[2026-04-28T16:11:03.640+0000] {logging_mixin.py:190} INFO - [2026-04-28T16:11:03.640+0000] {dagbag.py:588} INFO - Filling up the DagBag from /opt/airflow/dags/example_operators.py
[2026-04-28T16:11:03.664+0000] {processor.py:925} INFO - DAG(s) 'example_operators' retrieved from /opt/airflow/dags/example_operators.py
[2026-04-28T16:11:03.702+0000] {logging_mixin.py:190} INFO - [2026-04-28T16:11:03.701+0000] {dag.py:3239} INFO - Sync 1 DAGs
[2026-04-28T16:11:03.719+0000] {logging_mixin.py:190} INFO - [2026-04-28T16:11:03.719+0000] {dag.py:4180} INFO - Setting next_dagrun for example_operators to None, run_after=None
[2026-04-28T16:11:03.741+0000] {processor.py:208} INFO - Processing /opt/airflow/dags/example_operators.py took 0.112 seconds
[2026-04-28T16:11:34.022+0000] {processor.py:186} INFO - Started process (PID=637) to work on /opt/airflow/dags/example_operators.py
[2026-04-28T16:11:34.023+0000] {processor.py:914} INFO - Processing file /opt/airflow/dags/example_operators.py for tasks to queue
[2026-04-28T16:11:34.025+0000] {logging_mixin.py:190} INFO - [2026-04-28T16:11:34.025+0000] {dagbag.py:588} INFO - Filling up the DagBag from /opt/airflow/dags/example_operators.py
[2026-04-28T16:11:34.048+0000] {processor.py:925} INFO - DAG(s) 'example_operators' retrieved from /opt/airflow/dags/example_operators.py
[2026-04-28T16:11:34.087+0000] {logging_mixin.py:190} INFO - [2026-04-28T16:11:34.087+0000] {dag.py:3239} INFO - Sync 1 DAGs
[2026-04-28T16:11:34.104+0000] {logging_mixin.py:190} INFO - [2026-04-28T16:11:34.103+0000] {dag.py:4180} INFO - Setting next_dagrun for example_operators to None, run_after=None
[2026-04-28T16:11:34.125+0000] {processor.py:208} INFO - Processing /opt/airflow/dags/example_operators.py took 0.109 seconds
[2026-04-28T16:12:04.409+0000] {processor.py:186} INFO - Started process (PID=653) to work on /opt/airflow/dags/example_operators.py
[2026-04-28T16:12:04.410+0000] {processor.py:914} INFO - Processing file /opt/airflow/dags/example_operators.py for tasks to queue
[2026-04-28T16:12:04.412+0000] {logging_mixin.py:190} INFO - [2026-04-28T16:12:04.412+0000] {dagbag.py:588} INFO - Filling up the DagBag from /opt/airflow/dags/example_operators.py
[2026-04-28T16:12:04.434+0000] {processor.py:925} INFO - DAG(s) 'example_operators' retrieved from /opt/airflow/dags/example_operators.py
[2026-04-28T16:12:04.472+0000] {logging_mixin.py:190} INFO - [2026-04-28T16:12:04.472+0000] {dag.py:3239} INFO - Sync 1 DAGs
[2026-04-28T16:12:04.488+0000] {logging_mixin.py:190} INFO - [2026-04-28T16:12:04.488+0000] {dag.py:4180} INFO - Setting next_dagrun for example_operators to None, run_after=None
[2026-04-28T16:12:04.510+0000] {processor.py:208} INFO - Processing /opt/airflow/dags/example_operators.py took 0.108 seconds
[2026-04-28T16:12:34.788+0000] {processor.py:186} INFO - Started process (PID=669) to work on /opt/airflow/dags/example_operators.py
[2026-04-28T16:12:34.789+0000] {processor.py:914} INFO - Processing file /opt/airflow/dags/example_operators.py for tasks to queue
[2026-04-28T16:12:34.792+0000] {logging_mixin.py:190} INFO - [2026-04-28T16:12:34.791+0000] {dagbag.py:588} INFO - Filling up the DagBag from /opt/airflow/dags/example_operators.py
[2026-04-28T16:12:34.814+0000] {processor.py:925} INFO - DAG(s) 'example_operators' retrieved from /opt/airflow/dags/example_operators.py
[2026-04-28T16:12:34.849+0000] {logging_mixin.py:190} INFO - [2026-04-28T16:12:34.849+0000] {dag.py:3239} INFO - Sync 1 DAGs
[2026-04-28T16:12:34.868+0000] {logging_mixin.py:190} INFO - [2026-04-28T16:12:34.868+0000] {dag.py:4180} INFO - Setting next_dagrun for example_operators to None, run_after=None
[2026-04-28T16:12:34.888+0000] {processor.py:208} INFO - Processing /opt/airflow/dags/example_operators.py took 0.106 seconds
[2026-04-28T16:13:05.159+0000] {processor.py:186} INFO - Started process (PID=685) to work on /opt/airflow/dags/example_operators.py
[2026-04-28T16:13:05.160+0000] {processor.py:914} INFO - Processing file /opt/airflow/dags/example_operators.py for tasks to queue
[2026-04-28T16:13:05.163+0000] {logging_mixin.py:190} INFO - [2026-04-28T16:13:05.162+0000] {dagbag.py:588} INFO - Filling up the DagBag from /opt/airflow/dags/example_operators.py
[2026-04-28T16:13:05.185+0000] {processor.py:925} INFO - DAG(s) 'example_operators' retrieved from /opt/airflow/dags/example_operators.py
[2026-04-28T16:13:05.222+0000] {logging_mixin.py:190} INFO - [2026-04-28T16:13:05.222+0000] {dag.py:3239} INFO - Sync 1 DAGs
[2026-04-28T16:13:05.239+0000] {logging_mixin.py:190} INFO - [2026-04-28T16:13:05.239+0000] {dag.py:4180} INFO - Setting next_dagrun for example_operators to None, run_after=None
[2026-04-28T16:13:05.258+0000] {processor.py:208} INFO - Processing /opt/airflow/dags/example_operators.py took 0.106 seconds
[2026-04-28T16:13:35.538+0000] {processor.py:186} INFO - Started process (PID=701) to work on /opt/airflow/dags/example_operators.py
[2026-04-28T16:13:35.539+0000] {processor.py:914} INFO - Processing file /opt/airflow/dags/example_operators.py for tasks to queue
[2026-04-28T16:13:35.541+0000] {logging_mixin.py:190} INFO - [2026-04-28T16:13:35.541+0000] {dagbag.py:588} INFO - Filling up the DagBag from /opt/airflow/dags/example_operators.py
[2026-04-28T16:13:35.567+0000] {processor.py:925} INFO - DAG(s) 'example_operators' retrieved from /opt/airflow/dags/example_operators.py
[2026-04-28T16:13:35.606+0000] {logging_mixin.py:190} INFO - [2026-04-28T16:13:35.606+0000] {dag.py:3239} INFO - Sync 1 DAGs
[2026-04-28T16:13:35.623+0000] {logging_mixin.py:190} INFO - [2026-04-28T16:13:35.623+0000] {dag.py:4180} INFO - Setting next_dagrun for example_operators to None, run_after=None
[2026-04-28T16:13:35.644+0000] {processor.py:208} INFO - Processing /opt/airflow/dags/example_operators.py took 0.112 seconds
[2026-04-28T16:14:05.928+0000] {processor.py:186} INFO - Started process (PID=717) to work on /opt/airflow/dags/example_operators.py
[2026-04-28T16:14:05.929+0000] {processor.py:914} INFO - Processing file /opt/airflow/dags/example_operators.py for tasks to queue
[2026-04-28T16:14:05.932+0000] {logging_mixin.py:190} INFO - [2026-04-28T16:14:05.931+0000] {dagbag.py:588} INFO - Filling up the DagBag from /opt/airflow/dags/example_operators.py
[2026-04-28T16:14:05.953+0000] {processor.py:925} INFO - DAG(s) 'example_operators' retrieved from /opt/airflow/dags/example_operators.py
[2026-04-28T16:14:05.990+0000] {logging_mixin.py:190} INFO - [2026-04-28T16:14:05.989+0000] {dag.py:3239} INFO - Sync 1 DAGs
[2026-04-28T16:14:06.005+0000] {logging_mixin.py:190} INFO - [2026-04-28T16:14:06.005+0000] {dag.py:4180} INFO - Setting next_dagrun for example_operators to None, run_after=None
[2026-04-28T16:14:06.026+0000] {processor.py:208} INFO - Processing /opt/airflow/dags/example_operators.py took 0.104 seconds
[2026-04-28T16:14:36.311+0000] {processor.py:186} INFO - Started process (PID=733) to work on /opt/airflow/dags/example_operators.py
[2026-04-28T16:14:36.312+0000] {processor.py:914} INFO - Processing file /opt/airflow/dags/example_operators.py for tasks to queue
[2026-04-28T16:14:36.315+0000] {logging_mixin.py:190} INFO - [2026-04-28T16:14:36.315+0000] {dagbag.py:588} INFO - Filling up the DagBag from /opt/airflow/dags/example_operators.py
[2026-04-28T16:14:36.341+0000] {processor.py:925} INFO - DAG(s) 'example_operators' retrieved from /opt/airflow/dags/example_operators.py
[2026-04-28T16:14:36.379+0000] {logging_mixin.py:190} INFO - [2026-04-28T16:14:36.379+0000] {dag.py:3239} INFO - Sync 1 DAGs
[2026-04-28T16:14:36.397+0000] {logging_mixin.py:190} INFO - [2026-04-28T16:14:36.397+0000] {dag.py:4180} INFO - Setting next_dagrun for example_operators to None, run_after=None
[2026-04-28T16:14:36.418+0000] {processor.py:208} INFO - Processing /opt/airflow/dags/example_operators.py took 0.114 seconds
[2026-04-28T16:15:06.692+0000] {processor.py:186} INFO - Started process (PID=749) to work on /opt/airflow/dags/example_operators.py
[2026-04-28T16:15:06.693+0000] {processor.py:914} INFO - Processing file /opt/airflow/dags/example_operators.py for tasks to queue
[2026-04-28T16:15:06.695+0000] {logging_mixin.py:190} INFO - [2026-04-28T16:15:06.695+0000] {dagbag.py:588} INFO - Filling up the DagBag from /opt/airflow/dags/example_operators.py
[2026-04-28T16:15:06.721+0000] {processor.py:925} INFO - DAG(s) 'example_operators' retrieved from /opt/airflow/dags/example_operators.py
[2026-04-28T16:15:06.757+0000] {logging_mixin.py:190} INFO - [2026-04-28T16:15:06.757+0000] {dag.py:3239} INFO - Sync 1 DAGs
[2026-04-28T16:15:06.773+0000] {logging_mixin.py:190} INFO - [2026-04-28T16:15:06.773+0000] {dag.py:4180} INFO - Setting next_dagrun for example_operators to None, run_after=None
[2026-04-28T16:15:06.794+0000] {processor.py:208} INFO - Processing /opt/airflow/dags/example_operators.py took 0.108 seconds
[2026-04-28T16:15:37.101+0000] {processor.py:186} INFO - Started process (PID=765) to work on /opt/airflow/dags/example_operators.py
[2026-04-28T16:15:37.102+0000] {processor.py:914} INFO - Processing file /opt/airflow/dags/example_operators.py for tasks to queue
[2026-04-28T16:15:37.105+0000] {logging_mixin.py:190} INFO - [2026-04-28T16:15:37.105+0000] {dagbag.py:588} INFO - Filling up the DagBag from /opt/airflow/dags/example_operators.py
[2026-04-28T16:15:37.130+0000] {processor.py:925} INFO - DAG(s) 'example_operators' retrieved from /opt/airflow/dags/example_operators.py
[2026-04-28T16:15:37.166+0000] {logging_mixin.py:190} INFO - [2026-04-28T16:15:37.166+0000] {dag.py:3239} INFO - Sync 1 DAGs
[2026-04-28T16:15:37.183+0000] {logging_mixin.py:190} INFO - [2026-04-28T16:15:37.182+0000] {dag.py:4180} INFO - Setting next_dagrun for example_operators to None, run_after=None
[2026-04-28T16:15:37.203+0000] {processor.py:208} INFO - Processing /opt/airflow/dags/example_operators.py took 0.109 seconds
[2026-04-28T16:16:07.469+0000] {processor.py:186} INFO - Started process (PID=781) to work on /opt/airflow/dags/example_operators.py
[2026-04-28T16:16:07.470+0000] {processor.py:914} INFO - Processing file /opt/airflow/dags/example_operators.py for tasks to queue
[2026-04-28T16:16:07.473+0000] {logging_mixin.py:190} INFO - [2026-04-28T16:16:07.472+0000] {dagbag.py:588} INFO - Filling up the DagBag from /opt/airflow/dags/example_operators.py
[2026-04-28T16:16:07.496+0000] {processor.py:925} INFO - DAG(s) 'example_operators' retrieved from /opt/airflow/dags/example_operators.py
[2026-04-28T16:16:07.532+0000] {logging_mixin.py:190} INFO - [2026-04-28T16:16:07.531+0000] {dag.py:3239} INFO - Sync 1 DAGs
[2026-04-28T16:16:07.549+0000] {logging_mixin.py:190} INFO - [2026-04-28T16:16:07.549+0000] {dag.py:4180} INFO - Setting next_dagrun for example_operators to None, run_after=None
[2026-04-28T16:16:07.569+0000] {processor.py:208} INFO - Processing /opt/airflow/dags/example_operators.py took 0.105 seconds
[2026-04-28T16:16:37.844+0000] {processor.py:186} INFO - Started process (PID=797) to work on /opt/airflow/dags/example_operators.py
[2026-04-28T16:16:37.845+0000] {processor.py:914} INFO - Processing file /opt/airflow/dags/example_operators.py for tasks to queue
[2026-04-28T16:16:37.847+0000] {logging_mixin.py:190} INFO - [2026-04-28T16:16:37.847+0000] {dagbag.py:588} INFO - Filling up the DagBag from /opt/airflow/dags/example_operators.py
[2026-04-28T16:16:37.871+0000] {processor.py:925} INFO - DAG(s) 'example_operators' retrieved from /opt/airflow/dags/example_operators.py
[2026-04-28T16:16:37.908+0000] {logging_mixin.py:190} INFO - [2026-04-28T16:16:37.907+0000] {dag.py:3239} INFO - Sync 1 DAGs
[2026-04-28T16:16:37.923+0000] {logging_mixin.py:190} INFO - [2026-04-28T16:16:37.923+0000] {dag.py:4180} INFO - Setting next_dagrun for example_operators to None, run_after=None
[2026-04-28T16:16:37.948+0000] {processor.py:208} INFO - Processing /opt/airflow/dags/example_operators.py took 0.111 seconds
[2026-04-28T16:17:08.221+0000] {processor.py:186} INFO - Started process (PID=813) to work on /opt/airflow/dags/example_operators.py
[2026-04-28T16:17:08.222+0000] {processor.py:914} INFO - Processing file /opt/airflow/dags/example_operators.py for tasks to queue
[2026-04-28T16:17:08.224+0000] {logging_mixin.py:190} INFO - [2026-04-28T16:17:08.224+0000] {dagbag.py:588} INFO - Filling up the DagBag from /opt/airflow/dags/example_operators.py
[2026-04-28T16:17:08.247+0000] {processor.py:925} INFO - DAG(s) 'example_operators' retrieved from /opt/airflow/dags/example_operators.py
[2026-04-28T16:17:08.284+0000] {logging_mixin.py:190} INFO - [2026-04-28T16:17:08.284+0000] {dag.py:3239} INFO - Sync 1 DAGs
[2026-04-28T16:17:08.300+0000] {logging_mixin.py:190} INFO - [2026-04-28T16:17:08.300+0000] {dag.py:4180} INFO - Setting next_dagrun for example_operators to None, run_after=None
[2026-04-28T16:17:08.320+0000] {processor.py:208} INFO - Processing /opt/airflow/dags/example_operators.py took 0.105 seconds
[2026-04-28T16:17:38.612+0000] {processor.py:186} INFO - Started process (PID=829) to work on /opt/airflow/dags/example_operators.py
[2026-04-28T16:17:38.613+0000] {processor.py:914} INFO - Processing file /opt/airflow/dags/example_operators.py for tasks to queue
[2026-04-28T16:17:38.616+0000] {logging_mixin.py:190} INFO - [2026-04-28T16:17:38.616+0000] {dagbag.py:588} INFO - Filling up the DagBag from /opt/airflow/dags/example_operators.py
[2026-04-28T16:17:38.639+0000] {processor.py:925} INFO - DAG(s) 'example_operators' retrieved from /opt/airflow/dags/example_operators.py
[2026-04-28T16:17:38.675+0000] {logging_mixin.py:190} INFO - [2026-04-28T16:17:38.675+0000] {dag.py:3239} INFO - Sync 1 DAGs
[2026-04-28T16:17:38.691+0000] {logging_mixin.py:190} INFO - [2026-04-28T16:17:38.691+0000] {dag.py:4180} INFO - Setting next_dagrun for example_operators to None, run_after=None
[2026-04-28T16:17:38.712+0000] {processor.py:208} INFO - Processing /opt/airflow/dags/example_operators.py took 0.107 seconds
[2026-04-28T16:18:08.984+0000] {processor.py:186} INFO - Started process (PID=845) to work on /opt/airflow/dags/example_operators.py
[2026-04-28T16:18:08.985+0000] {processor.py:914} INFO - Processing file /opt/airflow/dags/example_operators.py for tasks to queue
[2026-04-28T16:18:08.988+0000] {logging_mixin.py:190} INFO - [2026-04-28T16:18:08.987+0000] {dagbag.py:588} INFO - Filling up the DagBag from /opt/airflow/dags/example_operators.py
[2026-04-28T16:18:09.014+0000] {processor.py:925} INFO - DAG(s) 'example_operators' retrieved from /opt/airflow/dags/example_operators.py
[2026-04-28T16:18:09.050+0000] {logging_mixin.py:190} INFO - [2026-04-28T16:18:09.050+0000] {dag.py:3239} INFO - Sync 1 DAGs
[2026-04-28T16:18:09.067+0000] {logging_mixin.py:190} INFO - [2026-04-28T16:18:09.067+0000] {dag.py:4180} INFO - Setting next_dagrun for example_operators to None, run_after=None
[2026-04-28T16:18:09.089+0000] {processor.py:208} INFO - Processing /opt/airflow/dags/example_operators.py took 0.111 seconds
[2026-04-28T16:18:39.359+0000] {processor.py:186} INFO - Started process (PID=861) to work on /opt/airflow/dags/example_operators.py
[2026-04-28T16:18:39.360+0000] {processor.py:914} INFO - Processing file /opt/airflow/dags/example_operators.py for tasks to queue
[2026-04-28T16:18:39.363+0000] {logging_mixin.py:190} INFO - [2026-04-28T16:18:39.362+0000] {dagbag.py:588} INFO - Filling up the DagBag from /opt/airflow/dags/example_operators.py
[2026-04-28T16:18:39.386+0000] {processor.py:925} INFO - DAG(s) 'example_operators' retrieved from /opt/airflow/dags/example_operators.py
[2026-04-28T16:18:39.423+0000] {logging_mixin.py:190} INFO - [2026-04-28T16:18:39.422+0000] {dag.py:3239} INFO - Sync 1 DAGs
[2026-04-28T16:18:39.440+0000] {logging_mixin.py:190} INFO - [2026-04-28T16:18:39.440+0000] {dag.py:4180} INFO - Setting next_dagrun for example_operators to None, run_after=None
[2026-04-28T16:18:39.462+0000] {processor.py:208} INFO - Processing /opt/airflow/dags/example_operators.py took 0.109 seconds
[2026-04-28T16:19:09.763+0000] {processor.py:186} INFO - Started process (PID=877) to work on /opt/airflow/dags/example_operators.py
[2026-04-28T16:19:09.764+0000] {processor.py:914} INFO - Processing file /opt/airflow/dags/example_operators.py for tasks to queue
[2026-04-28T16:19:09.767+0000] {logging_mixin.py:190} INFO - [2026-04-28T16:19:09.766+0000] {dagbag.py:588} INFO - Filling up the DagBag from /opt/airflow/dags/example_operators.py
[2026-04-28T16:19:09.792+0000] {processor.py:925} INFO - DAG(s) 'example_operators' retrieved from /opt/airflow/dags/example_operators.py
[2026-04-28T16:19:09.828+0000] {logging_mixin.py:190} INFO - [2026-04-28T16:19:09.827+0000] {dag.py:3239} INFO - Sync 1 DAGs
[2026-04-28T16:19:09.844+0000] {logging_mixin.py:190} INFO - [2026-04-28T16:19:09.844+0000] {dag.py:4180} INFO - Setting next_dagrun for example_operators to None, run_after=None
[2026-04-28T16:19:09.866+0000] {processor.py:208} INFO - Processing /opt/airflow/dags/example_operators.py took 0.108 seconds
[2026-04-28T16:19:40.142+0000] {processor.py:186} INFO - Started process (PID=893) to work on /opt/airflow/dags/example_operators.py
[2026-04-28T16:19:40.143+0000] {processor.py:914} INFO - Processing file /opt/airflow/dags/example_operators.py for tasks to queue
[2026-04-28T16:19:40.145+0000] {logging_mixin.py:190} INFO - [2026-04-28T16:19:40.145+0000] {dagbag.py:588} INFO - Filling up the DagBag from /opt/airflow/dags/example_operators.py
[2026-04-28T16:19:40.169+0000] {processor.py:925} INFO - DAG(s) 'example_operators' retrieved from /opt/airflow/dags/example_operators.py
[2026-04-28T16:19:40.205+0000] {logging_mixin.py:190} INFO - [2026-04-28T16:19:40.205+0000] {dag.py:3239} INFO - Sync 1 DAGs
[2026-04-28T16:19:40.220+0000] {logging_mixin.py:190} INFO - [2026-04-28T16:19:40.220+0000] {dag.py:4180} INFO - Setting next_dagrun for example_operators to None, run_after=None
[2026-04-28T16:19:40.240+0000] {processor.py:208} INFO - Processing /opt/airflow/dags/example_operators.py took 0.104 seconds
[2026-04-28T16:20:10.510+0000] {processor.py:186} INFO - Started process (PID=909) to work on /opt/airflow/dags/example_operators.py
[2026-04-28T16:20:10.511+0000] {processor.py:914} INFO - Processing file /opt/airflow/dags/example_operators.py for tasks to queue
[2026-04-28T16:20:10.514+0000] {logging_mixin.py:190} INFO - [2026-04-28T16:20:10.513+0000] {dagbag.py:588} INFO - Filling up the DagBag from /opt/airflow/dags/example_operators.py
[2026-04-28T16:20:10.548+0000] {processor.py:925} INFO - DAG(s) 'example_operators' retrieved from /opt/airflow/dags/example_operators.py
[2026-04-28T16:20:10.585+0000] {logging_mixin.py:190} INFO - [2026-04-28T16:20:10.585+0000] {dag.py:3239} INFO - Sync 1 DAGs
[2026-04-28T16:20:10.601+0000] {logging_mixin.py:190} INFO - [2026-04-28T16:20:10.600+0000] {dag.py:4180} INFO - Setting next_dagrun for example_operators to None, run_after=None
[2026-04-28T16:20:10.622+0000] {processor.py:208} INFO - Processing /opt/airflow/dags/example_operators.py took 0.119 seconds
[2026-04-28T16:20:40.902+0000] {processor.py:186} INFO - Started process (PID=931) to work on /opt/airflow/dags/example_operators.py
[2026-04-28T16:20:40.903+0000] {processor.py:914} INFO - Processing file /opt/airflow/dags/example_operators.py for tasks to queue
[2026-04-28T16:20:40.907+0000] {logging_mixin.py:190} INFO - [2026-04-28T16:20:40.907+0000] {dagbag.py:588} INFO - Filling up the DagBag from /opt/airflow/dags/example_operators.py
[2026-04-28T16:20:40.926+0000] {processor.py:925} INFO - DAG(s) 'example_operators' retrieved from /opt/airflow/dags/example_operators.py
[2026-04-28T16:20:40.961+0000] {logging_mixin.py:190} INFO - [2026-04-28T16:20:40.961+0000] {dag.py:3239} INFO - Sync 1 DAGs
[2026-04-28T16:20:40.976+0000] {logging_mixin.py:190} INFO - [2026-04-28T16:20:40.976+0000] {dag.py:4180} INFO - Setting next_dagrun for example_operators to None, run_after=None
[2026-04-28T16:20:40.996+0000] {processor.py:208} INFO - Processing /opt/airflow/dags/example_operators.py took 0.101 seconds
[2026-04-28T16:21:11.277+0000] {processor.py:186} INFO - Started process (PID=947) to work on /opt/airflow/dags/example_operators.py
[2026-04-28T16:21:11.278+0000] {processor.py:914} INFO - Processing file /opt/airflow/dags/example_operators.py for tasks to queue
[2026-04-28T16:21:11.280+0000] {logging_mixin.py:190} INFO - [2026-04-28T16:21:11.280+0000] {dagbag.py:588} INFO - Filling up the DagBag from /opt/airflow/dags/example_operators.py
[2026-04-28T16:21:11.304+0000] {processor.py:925} INFO - DAG(s) 'example_operators' retrieved from /opt/airflow/dags/example_operators.py
[2026-04-28T16:21:11.343+0000] {logging_mixin.py:190} INFO - [2026-04-28T16:21:11.343+0000] {dag.py:3239} INFO - Sync 1 DAGs
[2026-04-28T16:21:11.360+0000] {logging_mixin.py:190} INFO - [2026-04-28T16:21:11.360+0000] {dag.py:4180} INFO - Setting next_dagrun for example_operators to None, run_after=None
[2026-04-28T16:21:11.380+0000] {processor.py:208} INFO - Processing /opt/airflow/dags/example_operators.py took 0.110 seconds
[2026-04-28T16:21:41.686+0000] {processor.py:186} INFO - Started process (PID=963) to work on /opt/airflow/dags/example_operators.py
[2026-04-28T16:21:41.687+0000] {processor.py:914} INFO - Processing file /opt/airflow/dags/example_operators.py for tasks to queue
[2026-04-28T16:21:41.689+0000] {logging_mixin.py:190} INFO - [2026-04-28T16:21:41.689+0000] {dagbag.py:588} INFO - Filling up the DagBag from /opt/airflow/dags/example_operators.py
[2026-04-28T16:21:41.714+0000] {processor.py:925} INFO - DAG(s) 'example_operators' retrieved from /opt/airflow/dags/example_operators.py
[2026-04-28T16:21:41.752+0000] {logging_mixin.py:190} INFO - [2026-04-28T16:21:41.752+0000] {dag.py:3239} INFO - Sync 1 DAGs
[2026-04-28T16:21:41.768+0000] {logging_mixin.py:190} INFO - [2026-04-28T16:21:41.768+0000] {dag.py:4180} INFO - Setting next_dagrun for example_operators to None, run_after=None
[2026-04-28T16:21:41.788+0000] {processor.py:208} INFO - Processing /opt/airflow/dags/example_operators.py took 0.112 seconds
[2026-04-28T16:22:12.059+0000] {processor.py:186} INFO - Started process (PID=979) to work on /opt/airflow/dags/example_operators.py
[2026-04-28T16:22:12.060+0000] {processor.py:914} INFO - Processing file /opt/airflow/dags/example_operators.py for tasks to queue
[2026-04-28T16:22:12.063+0000] {logging_mixin.py:190} INFO - [2026-04-28T16:22:12.062+0000] {dagbag.py:588} INFO - Filling up the DagBag from /opt/airflow/dags/example_operators.py
[2026-04-28T16:22:12.087+0000] {processor.py:925} INFO - DAG(s) 'example_operators' retrieved from /opt/airflow/dags/example_operators.py
[2026-04-28T16:22:12.123+0000] {logging_mixin.py:190} INFO - [2026-04-28T16:22:12.122+0000] {dag.py:3239} INFO - Sync 1 DAGs
[2026-04-28T16:22:12.138+0000] {logging_mixin.py:190} INFO - [2026-04-28T16:22:12.138+0000] {dag.py:4180} INFO - Setting next_dagrun for example_operators to None, run_after=None
[2026-04-28T16:22:12.159+0000] {processor.py:208} INFO - Processing /opt/airflow/dags/example_operators.py took 0.106 seconds
[2026-04-28T16:22:42.440+0000] {processor.py:186} INFO - Started process (PID=995) to work on /opt/airflow/dags/example_operators.py
[2026-04-28T16:22:42.441+0000] {processor.py:914} INFO - Processing file /opt/airflow/dags/example_operators.py for tasks to queue
[2026-04-28T16:22:42.444+0000] {logging_mixin.py:190} INFO - [2026-04-28T16:22:42.444+0000] {dagbag.py:588} INFO - Filling up the DagBag from /opt/airflow/dags/example_operators.py
[2026-04-28T16:22:42.467+0000] {processor.py:925} INFO - DAG(s) 'example_operators' retrieved from /opt/airflow/dags/example_operators.py
[2026-04-28T16:22:42.504+0000] {logging_mixin.py:190} INFO - [2026-04-28T16:22:42.504+0000] {dag.py:3239} INFO - Sync 1 DAGs
[2026-04-28T16:22:42.521+0000] {logging_mixin.py:190} INFO - [2026-04-28T16:22:42.520+0000] {dag.py:4180} INFO - Setting next_dagrun for example_operators to None, run_after=None
[2026-04-28T16:22:42.545+0000] {processor.py:208} INFO - Processing /opt/airflow/dags/example_operators.py took 0.111 seconds
[2026-04-28T16:23:12.859+0000] {processor.py:186} INFO - Started process (PID=1011) to work on /opt/airflow/dags/example_operators.py
[2026-04-28T16:23:12.860+0000] {processor.py:914} INFO - Processing file /opt/airflow/dags/example_operators.py for tasks to queue
[2026-04-28T16:23:12.863+0000] {logging_mixin.py:190} INFO - [2026-04-28T16:23:12.862+0000] {dagbag.py:588} INFO - Filling up the DagBag from /opt/airflow/dags/example_operators.py
[2026-04-28T16:23:12.887+0000] {processor.py:925} INFO - DAG(s) 'example_operators' retrieved from /opt/airflow/dags/example_operators.py
[2026-04-28T16:23:12.922+0000] {logging_mixin.py:190} INFO - [2026-04-28T16:23:12.921+0000] {dag.py:3239} INFO - Sync 1 DAGs
[2026-04-28T16:23:12.937+0000] {logging_mixin.py:190} INFO - [2026-04-28T16:23:12.937+0000] {dag.py:4180} INFO - Setting next_dagrun for example_operators to None, run_after=None
[2026-04-28T16:23:12.957+0000] {processor.py:208} INFO - Processing /opt/airflow/dags/example_operators.py took 0.104 seconds
[2026-04-28T16:23:43.239+0000] {processor.py:186} INFO - Started process (PID=1027) to work on /opt/airflow/dags/example_operators.py
[2026-04-28T16:23:43.240+0000] {processor.py:914} INFO - Processing file /opt/airflow/dags/example_operators.py for tasks to queue
[2026-04-28T16:23:43.243+0000] {logging_mixin.py:190} INFO - [2026-04-28T16:23:43.242+0000] {dagbag.py:588} INFO - Filling up the DagBag from /opt/airflow/dags/example_operators.py
[2026-04-28T16:23:43.273+0000] {processor.py:925} INFO - DAG(s) 'example_operators' retrieved from /opt/airflow/dags/example_operators.py
[2026-04-28T16:23:43.314+0000] {logging_mixin.py:190} INFO - [2026-04-28T16:23:43.314+0000] {dag.py:3239} INFO - Sync 1 DAGs
[2026-04-28T16:23:43.332+0000] {logging_mixin.py:190} INFO - [2026-04-28T16:23:43.331+0000] {dag.py:4180} INFO - Setting next_dagrun for example_operators to None, run_after=None
[2026-04-28T16:23:43.353+0000] {processor.py:208} INFO - Processing /opt/airflow/dags/example_operators.py took 0.121 seconds
[2026-04-28T16:24:13.742+0000] {processor.py:186} INFO - Started process (PID=1043) to work on /opt/airflow/dags/example_operators.py
[2026-04-28T16:24:13.744+0000] {processor.py:914} INFO - Processing file /opt/airflow/dags/example_operators.py for tasks to queue
[2026-04-28T16:24:13.748+0000] {logging_mixin.py:190} INFO - [2026-04-28T16:24:13.748+0000] {dagbag.py:588} INFO - Filling up the DagBag from /opt/airflow/dags/example_operators.py
[2026-04-28T16:24:13.775+0000] {processor.py:925} INFO - DAG(s) 'example_operators' retrieved from /opt/airflow/dags/example_operators.py
[2026-04-28T16:24:13.822+0000] {logging_mixin.py:190} INFO - [2026-04-28T16:24:13.822+0000] {dag.py:3239} INFO - Sync 1 DAGs
[2026-04-28T16:24:13.843+0000] {logging_mixin.py:190} INFO - [2026-04-28T16:24:13.842+0000] {dag.py:4180} INFO - Setting next_dagrun for example_operators to None, run_after=None
[2026-04-28T16:24:13.876+0000] {processor.py:208} INFO - Processing /opt/airflow/dags/example_operators.py took 0.142 seconds
[2026-04-28T16:24:44.194+0000] {processor.py:186} INFO - Started process (PID=1059) to work on /opt/airflow/dags/example_operators.py
[2026-04-28T16:24:44.195+0000] {processor.py:914} INFO - Processing file /opt/airflow/dags/example_operators.py for tasks to queue
[2026-04-28T16:24:44.198+0000] {logging_mixin.py:190} INFO - [2026-04-28T16:24:44.197+0000] {dagbag.py:588} INFO - Filling up the DagBag from /opt/airflow/dags/example_operators.py
[2026-04-28T16:24:44.219+0000] {processor.py:925} INFO - DAG(s) 'example_operators' retrieved from /opt/airflow/dags/example_operators.py
[2026-04-28T16:24:44.260+0000] {logging_mixin.py:190} INFO - [2026-04-28T16:24:44.259+0000] {dag.py:3239} INFO - Sync 1 DAGs
[2026-04-28T16:24:44.280+0000] {logging_mixin.py:190} INFO - [2026-04-28T16:24:44.279+0000] {dag.py:4180} INFO - Setting next_dagrun for example_operators to None, run_after=None
[2026-04-28T16:24:44.301+0000] {processor.py:208} INFO - Processing /opt/airflow/dags/example_operators.py took 0.115 seconds
[2026-04-28T16:25:14.580+0000] {processor.py:186} INFO - Started process (PID=1075) to work on /opt/airflow/dags/example_operators.py
[2026-04-28T16:25:14.581+0000] {processor.py:914} INFO - Processing file /opt/airflow/dags/example_operators.py for tasks to queue
[2026-04-28T16:25:14.583+0000] {logging_mixin.py:190} INFO - [2026-04-28T16:25:14.583+0000] {dagbag.py:588} INFO - Filling up the DagBag from /opt/airflow/dags/example_operators.py
[2026-04-28T16:25:14.610+0000] {processor.py:925} INFO - DAG(s) 'example_operators' retrieved from /opt/airflow/dags/example_operators.py
[2026-04-28T16:25:14.650+0000] {logging_mixin.py:190} INFO - [2026-04-28T16:25:14.650+0000] {dag.py:3239} INFO - Sync 1 DAGs
[2026-04-28T16:25:14.669+0000] {logging_mixin.py:190} INFO - [2026-04-28T16:25:14.668+0000] {dag.py:4180} INFO - Setting next_dagrun for example_operators to None, run_after=None
[2026-04-28T16:25:14.692+0000] {processor.py:208} INFO - Processing /opt/airflow/dags/example_operators.py took 0.118 seconds
[2026-04-28T16:25:44.969+0000] {processor.py:186} INFO - Started process (PID=1091) to work on /opt/airflow/dags/example_operators.py
[2026-04-28T16:25:44.970+0000] {processor.py:914} INFO - Processing file /opt/airflow/dags/example_operators.py for tasks to queue
[2026-04-28T16:25:44.973+0000] {logging_mixin.py:190} INFO - [2026-04-28T16:25:44.972+0000] {dagbag.py:588} INFO - Filling up the DagBag from /opt/airflow/dags/example_operators.py
[2026-04-28T16:25:44.995+0000] {processor.py:925} INFO - DAG(s) 'example_operators' retrieved from /opt/airflow/dags/example_operators.py
[2026-04-28T16:25:45.029+0000] {logging_mixin.py:190} INFO - [2026-04-28T16:25:45.029+0000] {dag.py:3239} INFO - Sync 1 DAGs
[2026-04-28T16:25:45.045+0000] {logging_mixin.py:190} INFO - [2026-04-28T16:25:45.044+0000] {dag.py:4180} INFO - Setting next_dagrun for example_operators to None, run_after=None
[2026-04-28T16:25:45.064+0000] {processor.py:208} INFO - Processing /opt/airflow/dags/example_operators.py took 0.102 seconds
[2026-04-28T16:26:15.331+0000] {processor.py:186} INFO - Started process (PID=1107) to work on /opt/airflow/dags/example_operators.py
[2026-04-28T16:26:15.332+0000] {processor.py:914} INFO - Processing file /opt/airflow/dags/example_operators.py for tasks to queue
[2026-04-28T16:26:15.334+0000] {logging_mixin.py:190} INFO - [2026-04-28T16:26:15.334+0000] {dagbag.py:588} INFO - Filling up the DagBag from /opt/airflow/dags/example_operators.py
[2026-04-28T16:26:15.362+0000] {processor.py:925} INFO - DAG(s) 'example_operators' retrieved from /opt/airflow/dags/example_operators.py
[2026-04-28T16:26:15.404+0000] {logging_mixin.py:190} INFO - [2026-04-28T16:26:15.403+0000] {dag.py:3239} INFO - Sync 1 DAGs
[2026-04-28T16:26:15.420+0000] {logging_mixin.py:190} INFO - [2026-04-28T16:26:15.420+0000] {dag.py:4180} INFO - Setting next_dagrun for example_operators to None, run_after=None
[2026-04-28T16:26:15.442+0000] {processor.py:208} INFO - Processing /opt/airflow/dags/example_operators.py took 0.118 seconds
[2026-04-28T16:26:45.729+0000] {processor.py:186} INFO - Started process (PID=1123) to work on /opt/airflow/dags/example_operators.py
[2026-04-28T16:26:45.731+0000] {processor.py:914} INFO - Processing file /opt/airflow/dags/example_operators.py for tasks to queue
[2026-04-28T16:26:45.734+0000] {logging_mixin.py:190} INFO - [2026-04-28T16:26:45.734+0000] {dagbag.py:588} INFO - Filling up the DagBag from /opt/airflow/dags/example_operators.py
[2026-04-28T16:26:45.763+0000] {processor.py:925} INFO - DAG(s) 'example_operators' retrieved from /opt/airflow/dags/example_operators.py
[2026-04-28T16:26:45.810+0000] {logging_mixin.py:190} INFO - [2026-04-28T16:26:45.810+0000] {dag.py:3239} INFO - Sync 1 DAGs
[2026-04-28T16:26:45.832+0000] {logging_mixin.py:190} INFO - [2026-04-28T16:26:45.831+0000] {dag.py:4180} INFO - Setting next_dagrun for example_operators to None, run_after=None
[2026-04-28T16:26:45.851+0000] {processor.py:208} INFO - Processing /opt/airflow/dags/example_operators.py took 0.132 seconds
[2026-04-28T16:27:16.166+0000] {processor.py:186} INFO - Started process (PID=1139) to work on /opt/airflow/dags/example_operators.py
[2026-04-28T16:27:16.167+0000] {processor.py:914} INFO - Processing file /opt/airflow/dags/example_operators.py for tasks to queue
[2026-04-28T16:27:16.168+0000] {logging_mixin.py:190} INFO - [2026-04-28T16:27:16.168+0000] {dagbag.py:588} INFO - Filling up the DagBag from /opt/airflow/dags/example_operators.py
[2026-04-28T16:27:16.201+0000] {processor.py:925} INFO - DAG(s) 'example_operators' retrieved from /opt/airflow/dags/example_operators.py
[2026-04-28T16:27:16.246+0000] {logging_mixin.py:190} INFO - [2026-04-28T16:27:16.245+0000] {dag.py:3239} INFO - Sync 1 DAGs
[2026-04-28T16:27:16.264+0000] {logging_mixin.py:190} INFO - [2026-04-28T16:27:16.264+0000] {dag.py:4180} INFO - Setting next_dagrun for example_operators to None, run_after=None
[2026-04-28T16:27:16.287+0000] {processor.py:208} INFO - Processing /opt/airflow/dags/example_operators.py took 0.130 seconds
[2026-04-28T16:27:46.527+0000] {processor.py:186} INFO - Started process (PID=1150) to work on /opt/airflow/dags/example_operators.py
[2026-04-28T16:27:46.528+0000] {processor.py:914} INFO - Processing file /opt/airflow/dags/example_operators.py for tasks to queue
[2026-04-28T16:27:46.530+0000] {logging_mixin.py:190} INFO - [2026-04-28T16:27:46.529+0000] {dagbag.py:588} INFO - Filling up the DagBag from /opt/airflow/dags/example_operators.py
[2026-04-28T16:27:46.554+0000] {processor.py:925} INFO - DAG(s) 'example_operators' retrieved from /opt/airflow/dags/example_operators.py
[2026-04-28T16:27:46.587+0000] {logging_mixin.py:190} INFO - [2026-04-28T16:27:46.586+0000] {dag.py:3239} INFO - Sync 1 DAGs
[2026-04-28T16:27:46.602+0000] {logging_mixin.py:190} INFO - [2026-04-28T16:27:46.602+0000] {dag.py:4180} INFO - Setting next_dagrun for example_operators to None, run_after=None
[2026-04-28T16:27:46.622+0000] {processor.py:208} INFO - Processing /opt/airflow/dags/example_operators.py took 0.102 seconds
