[2026-04-28T15:53:52.221+0000] {manager.py:483} INFO - Processing files using up to 2 processes at a time 
[2026-04-28T15:53:52.222+0000] {manager.py:484} INFO - Process each file at most once every 30 seconds
[2026-04-28T15:53:52.222+0000] {manager.py:485} INFO - Checking for new files in /opt/airflow/dags every 300 seconds
[2026-04-28T15:53:52.223+0000] {manager.py:821} INFO - Searching for files in /opt/airflow/dags
[2026-04-28T15:53:52.236+0000] {manager.py:824} INFO - There are 1 files in /opt/airflow/dags
[2026-04-28T15:53:52.349+0000] {manager.py:997} INFO - 
================================================================================
DAG File Processing Stats

File Path                                 PID  Runtime      # DAGs    # Errors  Last Runtime    Last Run      Last # of DB Queries
--------------------------------------  -----  ---------  --------  ----------  --------------  ----------  ----------------------
/opt/airflow/dags/example_operators.py    172  0.03s             0           0                                                   0
================================================================================
[2026-04-28T15:54:22.545+0000] {manager.py:997} INFO - 
================================================================================
DAG File Processing Stats

File Path                               PID    Runtime      # DAGs    # Errors  Last Runtime    Last Run               Last # of DB Queries
--------------------------------------  -----  ---------  --------  ----------  --------------  -------------------  ----------------------
/opt/airflow/dags/example_operators.py                           1           0  0.44s           2026-04-28T15:53:52                      43
================================================================================
[2026-04-28T15:54:53.192+0000] {manager.py:997} INFO - 
================================================================================
DAG File Processing Stats

File Path                                 PID  Runtime      # DAGs    # Errors  Last Runtime    Last Run               Last # of DB Queries
--------------------------------------  -----  ---------  --------  ----------  --------------  -------------------  ----------------------
/opt/airflow/dags/example_operators.py    194  0.00s             1           0  0.17s           2026-04-28T15:54:23                      10
================================================================================
[2026-04-28T15:55:23.535+0000] {manager.py:997} INFO - 
================================================================================
DAG File Processing Stats

File Path                                 PID  Runtime      # DAGs    # Errors  Last Runtime    Last Run               Last # of DB Queries
--------------------------------------  -----  ---------  --------  ----------  --------------  -------------------  ----------------------
/opt/airflow/dags/example_operators.py    205  0.01s             1           0  0.14s           2026-04-28T15:54:53                      10
================================================================================
[2026-04-28T15:55:53.760+0000] {manager.py:997} INFO - 
================================================================================
DAG File Processing Stats

File Path                                 PID  Runtime      # DAGs    # Errors  Last Runtime    Last Run               Last # of DB Queries
--------------------------------------  -----  ---------  --------  ----------  --------------  -------------------  ----------------------
/opt/airflow/dags/example_operators.py    216  0.01s             1           0  0.14s           2026-04-28T15:55:23                      10
================================================================================
[2026-04-28T15:56:24.059+0000] {manager.py:997} INFO - 
================================================================================
DAG File Processing Stats

File Path                                 PID  Runtime      # DAGs    # Errors  Last Runtime    Last Run               Last # of DB Queries
--------------------------------------  -----  ---------  --------  ----------  --------------  -------------------  ----------------------
/opt/airflow/dags/example_operators.py    227  0.00s             1           0  0.14s           2026-04-28T15:55:53                      10
================================================================================
[2026-04-28T15:56:54.281+0000] {manager.py:997} INFO - 
================================================================================
DAG File Processing Stats

File Path                                 PID  Runtime      # DAGs    # Errors  Last Runtime    Last Run               Last # of DB Queries
--------------------------------------  -----  ---------  --------  ----------  --------------  -------------------  ----------------------
/opt/airflow/dags/example_operators.py    238  0.00s             1           0  0.13s           2026-04-28T15:56:24                      10
================================================================================
[2026-04-28T15:57:24.612+0000] {manager.py:997} INFO - 
================================================================================
DAG File Processing Stats

File Path                                 PID  Runtime      # DAGs    # Errors  Last Runtime    Last Run               Last # of DB Queries
--------------------------------------  -----  ---------  --------  ----------  --------------  -------------------  ----------------------
/opt/airflow/dags/example_operators.py    249  0.01s             1           0  0.14s           2026-04-28T15:56:54                      10
================================================================================
[2026-04-28T15:57:54.849+0000] {manager.py:997} INFO - 
================================================================================
DAG File Processing Stats

File Path                                 PID  Runtime      # DAGs    # Errors  Last Runtime    Last Run               Last # of DB Queries
--------------------------------------  -----  ---------  --------  ----------  --------------  -------------------  ----------------------
/opt/airflow/dags/example_operators.py    260  0.00s             1           0  0.19s           2026-04-28T15:57:24                      10
================================================================================
[2026-04-28T15:58:25.195+0000] {manager.py:997} INFO - 
================================================================================
DAG File Processing Stats

File Path                                 PID  Runtime      # DAGs    # Errors  Last Runtime    Last Run               Last # of DB Queries
--------------------------------------  -----  ---------  --------  ----------  --------------  -------------------  ----------------------
/opt/airflow/dags/example_operators.py    271  0.00s             1           0  0.15s           2026-04-28T15:57:54                      10
================================================================================
[2026-04-28T15:58:52.380+0000] {manager.py:821} INFO - Searching for files in /opt/airflow/dags
[2026-04-28T15:58:52.403+0000] {manager.py:824} INFO - There are 1 files in /opt/airflow/dags
[2026-04-28T15:58:55.444+0000] {manager.py:997} INFO - 
================================================================================
DAG File Processing Stats

File Path                                 PID  Runtime      # DAGs    # Errors  Last Runtime    Last Run               Last # of DB Queries
--------------------------------------  -----  ---------  --------  ----------  --------------  -------------------  ----------------------
/opt/airflow/dags/example_operators.py    282  0.00s             1           0  0.13s           2026-04-28T15:58:25                      10
================================================================================
[2026-04-28T15:59:25.721+0000] {manager.py:997} INFO - 
================================================================================
DAG File Processing Stats

File Path                                 PID  Runtime      # DAGs    # Errors  Last Runtime    Last Run               Last # of DB Queries
--------------------------------------  -----  ---------  --------  ----------  --------------  -------------------  ----------------------
/opt/airflow/dags/example_operators.py    293  0.00s             1           0  0.13s           2026-04-28T15:58:55                      10
================================================================================
[2026-04-28T15:59:55.983+0000] {manager.py:997} INFO - 
================================================================================
DAG File Processing Stats

File Path                                 PID  Runtime      # DAGs    # Errors  Last Runtime    Last Run               Last # of DB Queries
--------------------------------------  -----  ---------  --------  ----------  --------------  -------------------  ----------------------
/opt/airflow/dags/example_operators.py    304  0.00s             1           0  0.15s           2026-04-28T15:59:25                      10
================================================================================
[2026-04-28T16:00:26.269+0000] {manager.py:997} INFO - 
================================================================================
DAG File Processing Stats

File Path                                 PID  Runtime      # DAGs    # Errors  Last Runtime    Last Run               Last # of DB Queries
--------------------------------------  -----  ---------  --------  ----------  --------------  -------------------  ----------------------
/opt/airflow/dags/example_operators.py    315  0.00s             1           0  0.13s           2026-04-28T15:59:56                      10
================================================================================
[2026-04-28T16:00:56.515+0000] {manager.py:997} INFO - 
================================================================================
DAG File Processing Stats

File Path                                 PID  Runtime      # DAGs    # Errors  Last Runtime    Last Run               Last # of DB Queries
--------------------------------------  -----  ---------  --------  ----------  --------------  -------------------  ----------------------
/opt/airflow/dags/example_operators.py    326  0.00s             1           0  0.13s           2026-04-28T16:00:26                      10
================================================================================
[2026-04-28T16:01:26.794+0000] {manager.py:997} INFO - 
================================================================================
DAG File Processing Stats

File Path                                 PID  Runtime      # DAGs    # Errors  Last Runtime    Last Run               Last # of DB Queries
--------------------------------------  -----  ---------  --------  ----------  --------------  -------------------  ----------------------
/opt/airflow/dags/example_operators.py    337  0.01s             1           0  0.13s           2026-04-28T16:00:56                      10
================================================================================
[2026-04-28T16:01:57.050+0000] {manager.py:997} INFO - 
================================================================================
DAG File Processing Stats

File Path                                 PID  Runtime      # DAGs    # Errors  Last Runtime    Last Run               Last # of DB Queries
--------------------------------------  -----  ---------  --------  ----------  --------------  -------------------  ----------------------
/opt/airflow/dags/example_operators.py    348  0.01s             1           0  0.15s           2026-04-28T16:01:26                      10
================================================================================
[2026-04-28T16:02:27.339+0000] {manager.py:997} INFO - 
================================================================================
DAG File Processing Stats

File Path                                 PID  Runtime      # DAGs    # Errors  Last Runtime    Last Run               Last # of DB Queries
--------------------------------------  -----  ---------  --------  ----------  --------------  -------------------  ----------------------
/opt/airflow/dags/example_operators.py    359  0.00s             1           0  0.15s           2026-04-28T16:01:57                      10
================================================================================
[2026-04-28T16:02:57.599+0000] {manager.py:997} INFO - 
================================================================================
DAG File Processing Stats

File Path                                 PID  Runtime      # DAGs    # Errors  Last Runtime    Last Run               Last # of DB Queries
--------------------------------------  -----  ---------  --------  ----------  --------------  -------------------  ----------------------
/opt/airflow/dags/example_operators.py    370  0.00s             1           0  0.13s           2026-04-28T16:02:27                      10
================================================================================
[2026-04-28T16:03:27.867+0000] {manager.py:997} INFO - 
================================================================================
DAG File Processing Stats

File Path                                 PID  Runtime      # DAGs    # Errors  Last Runtime    Last Run               Last # of DB Queries
--------------------------------------  -----  ---------  --------  ----------  --------------  -------------------  ----------------------
/opt/airflow/dags/example_operators.py    381  0.00s             1           0  0.15s           2026-04-28T16:02:57                      10
================================================================================
[2026-04-28T16:03:53.097+0000] {manager.py:821} INFO - Searching for files in /opt/airflow/dags
[2026-04-28T16:03:53.122+0000] {manager.py:824} INFO - There are 2 files in /opt/airflow/dags
[2026-04-28T16:03:58.206+0000] {manager.py:997} INFO - 
================================================================================
DAG File Processing Stats

File Path                                 PID  Runtime      # DAGs    # Errors  Last Runtime    Last Run               Last # of DB Queries
--------------------------------------  -----  ---------  --------  ----------  --------------  -------------------  ----------------------
/opt/airflow/dags/config_driven_dag.py                           1           0  0.30s           2026-04-28T16:03:53                      45
/opt/airflow/dags/example_operators.py    397  0.00s             1           0  0.13s           2026-04-28T16:03:27                      10
================================================================================
[2026-04-28T16:04:28.589+0000] {manager.py:997} INFO - 
================================================================================
DAG File Processing Stats

File Path                                 PID  Runtime      # DAGs    # Errors  Last Runtime    Last Run               Last # of DB Queries
--------------------------------------  -----  ---------  --------  ----------  --------------  -------------------  ----------------------
/opt/airflow/dags/config_driven_dag.py                           1           0  0.45s           2026-04-28T16:04:23                      12
/opt/airflow/dags/example_operators.py    413  0.01s             1           0  0.14s           2026-04-28T16:03:58                      10
================================================================================
[2026-04-28T16:04:58.984+0000] {manager.py:997} INFO - 
================================================================================
DAG File Processing Stats

File Path                                 PID  Runtime      # DAGs    # Errors  Last Runtime    Last Run               Last # of DB Queries
--------------------------------------  -----  ---------  --------  ----------  --------------  -------------------  ----------------------
/opt/airflow/dags/config_driven_dag.py                           1           0  0.24s           2026-04-28T16:04:55                      12
/opt/airflow/dags/example_operators.py    429  0.01s             1           0  0.15s           2026-04-28T16:04:28                      10
================================================================================
[2026-04-28T16:05:29.377+0000] {manager.py:997} INFO - 
================================================================================
DAG File Processing Stats

File Path                                 PID  Runtime      # DAGs    # Errors  Last Runtime    Last Run               Last # of DB Queries
--------------------------------------  -----  ---------  --------  ----------  --------------  -------------------  ----------------------
/opt/airflow/dags/config_driven_dag.py                           1           0  0.17s           2026-04-28T16:05:25                      12
/opt/airflow/dags/example_operators.py    445  0.00s             1           0  0.15s           2026-04-28T16:04:59                      10
================================================================================
[2026-04-28T16:05:59.756+0000] {manager.py:997} INFO - 
================================================================================
DAG File Processing Stats

File Path                                 PID  Runtime      # DAGs    # Errors  Last Runtime    Last Run               Last # of DB Queries
--------------------------------------  -----  ---------  --------  ----------  --------------  -------------------  ----------------------
/opt/airflow/dags/config_driven_dag.py                           1           0  0.18s           2026-04-28T16:05:55                      12
/opt/airflow/dags/example_operators.py    461  0.00s             1           0  0.15s           2026-04-28T16:05:29                      10
================================================================================
[2026-04-28T16:06:30.132+0000] {manager.py:997} INFO - 
================================================================================
DAG File Processing Stats

File Path                                 PID  Runtime      # DAGs    # Errors  Last Runtime    Last Run               Last # of DB Queries
--------------------------------------  -----  ---------  --------  ----------  --------------  -------------------  ----------------------
/opt/airflow/dags/config_driven_dag.py                           1           0  0.15s           2026-04-28T16:06:26                      12
/opt/airflow/dags/example_operators.py    477  0.00s             1           0  0.13s           2026-04-28T16:05:59                      10
================================================================================
[2026-04-28T16:07:00.502+0000] {manager.py:997} INFO - 
================================================================================
DAG File Processing Stats

File Path                                 PID  Runtime      # DAGs    # Errors  Last Runtime    Last Run               Last # of DB Queries
--------------------------------------  -----  ---------  --------  ----------  --------------  -------------------  ----------------------
/opt/airflow/dags/config_driven_dag.py                           1           0  0.17s           2026-04-28T16:06:56                      12
/opt/airflow/dags/example_operators.py    493  0.01s             1           0  0.13s           2026-04-28T16:06:30                      10
================================================================================
[2026-04-28T16:07:30.890+0000] {manager.py:997} INFO - 
================================================================================
DAG File Processing Stats

File Path                                 PID  Runtime      # DAGs    # Errors  Last Runtime    Last Run               Last # of DB Queries
--------------------------------------  -----  ---------  --------  ----------  --------------  -------------------  ----------------------
/opt/airflow/dags/config_driven_dag.py                           1           0  0.18s           2026-04-28T16:07:26                      12
/opt/airflow/dags/example_operators.py    509  0.00s             1           0  0.16s           2026-04-28T16:07:00                      10
================================================================================
[2026-04-28T16:08:01.269+0000] {manager.py:997} INFO - 
================================================================================
DAG File Processing Stats

File Path                                 PID  Runtime      # DAGs    # Errors  Last Runtime    Last Run               Last # of DB Queries
--------------------------------------  -----  ---------  --------  ----------  --------------  -------------------  ----------------------
/opt/airflow/dags/config_driven_dag.py                           1           0  0.17s           2026-04-28T16:07:57                      12
/opt/airflow/dags/example_operators.py    525  0.00s             1           0  0.14s           2026-04-28T16:07:31                      10
================================================================================
[2026-04-28T16:08:31.651+0000] {manager.py:997} INFO - 
================================================================================
DAG File Processing Stats

File Path                                 PID  Runtime      # DAGs    # Errors  Last Runtime    Last Run               Last # of DB Queries
--------------------------------------  -----  ---------  --------  ----------  --------------  -------------------  ----------------------
/opt/airflow/dags/config_driven_dag.py                           1           0  0.16s           2026-04-28T16:08:27                      12
/opt/airflow/dags/example_operators.py    541  0.00s             1           0  0.15s           2026-04-28T16:08:01                      10
================================================================================
[2026-04-28T16:08:53.940+0000] {manager.py:821} INFO - Searching for files in /opt/airflow/dags
[2026-04-28T16:08:53.971+0000] {manager.py:824} INFO - There are 2 files in /opt/airflow/dags
[2026-04-28T16:09:02.078+0000] {manager.py:997} INFO - 
================================================================================
DAG File Processing Stats

File Path                                 PID  Runtime      # DAGs    # Errors  Last Runtime    Last Run               Last # of DB Queries
--------------------------------------  -----  ---------  --------  ----------  --------------  -------------------  ----------------------
/opt/airflow/dags/config_driven_dag.py                           1           0  0.16s           2026-04-28T16:08:58                      12
/opt/airflow/dags/example_operators.py    557  0.00s             1           0  0.15s           2026-04-28T16:08:31                      10
================================================================================
[2026-04-28T16:09:32.456+0000] {manager.py:997} INFO - 
================================================================================
DAG File Processing Stats

File Path                                 PID  Runtime      # DAGs    # Errors  Last Runtime    Last Run               Last # of DB Queries
--------------------------------------  -----  ---------  --------  ----------  --------------  -------------------  ----------------------
/opt/airflow/dags/config_driven_dag.py                           1           0  0.16s           2026-04-28T16:09:28                      12
/opt/airflow/dags/example_operators.py    573  0.00s             1           0  0.15s           2026-04-28T16:09:02                      10
================================================================================
[2026-04-28T16:10:02.831+0000] {manager.py:997} INFO - 
================================================================================
DAG File Processing Stats

File Path                                 PID  Runtime      # DAGs    # Errors  Last Runtime    Last Run               Last # of DB Queries
--------------------------------------  -----  ---------  --------  ----------  --------------  -------------------  ----------------------
/opt/airflow/dags/config_driven_dag.py                           1           0  0.18s           2026-04-28T16:09:58                      12
/opt/airflow/dags/example_operators.py    589  0.00s             1           0  0.13s           2026-04-28T16:09:32                      10
================================================================================
[2026-04-28T16:10:33.205+0000] {manager.py:997} INFO - 
================================================================================
DAG File Processing Stats

File Path                                 PID  Runtime      # DAGs    # Errors  Last Runtime    Last Run               Last # of DB Queries
--------------------------------------  -----  ---------  --------  ----------  --------------  -------------------  ----------------------
/opt/airflow/dags/config_driven_dag.py                           1           0  0.15s           2026-04-28T16:10:29                      12
/opt/airflow/dags/example_operators.py    605  0.00s             1           0  0.14s           2026-04-28T16:10:02                      10
================================================================================
[2026-04-28T16:11:03.612+0000] {manager.py:997} INFO - 
================================================================================
DAG File Processing Stats

File Path                                 PID  Runtime      # DAGs    # Errors  Last Runtime    Last Run               Last # of DB Queries
--------------------------------------  -----  ---------  --------  ----------  --------------  -------------------  ----------------------
/opt/airflow/dags/config_driven_dag.py                           1           0  0.17s           2026-04-28T16:10:59                      12
/opt/airflow/dags/example_operators.py    621  0.00s             1           0  0.14s           2026-04-28T16:10:33                      10
================================================================================
[2026-04-28T16:11:33.997+0000] {manager.py:997} INFO - 
================================================================================
DAG File Processing Stats

File Path                                 PID  Runtime      # DAGs    # Errors  Last Runtime    Last Run               Last # of DB Queries
--------------------------------------  -----  ---------  --------  ----------  --------------  -------------------  ----------------------
/opt/airflow/dags/config_driven_dag.py                           1           0  0.18s           2026-04-28T16:11:30                      12
/opt/airflow/dags/example_operators.py    637  0.00s             1           0  0.14s           2026-04-28T16:11:03                      10
================================================================================
[2026-04-28T16:12:04.386+0000] {manager.py:997} INFO - 
================================================================================
DAG File Processing Stats

File Path                                 PID  Runtime      # DAGs    # Errors  Last Runtime    Last Run               Last # of DB Queries
--------------------------------------  -----  ---------  --------  ----------  --------------  -------------------  ----------------------
/opt/airflow/dags/config_driven_dag.py                           1           0  0.25s           2026-04-28T16:12:00                      12
/opt/airflow/dags/example_operators.py    653  0.00s             1           0  0.14s           2026-04-28T16:11:34                      10
================================================================================
[2026-04-28T16:12:34.764+0000] {manager.py:997} INFO - 
================================================================================
DAG File Processing Stats

File Path                                 PID  Runtime      # DAGs    # Errors  Last Runtime    Last Run               Last # of DB Queries
--------------------------------------  -----  ---------  --------  ----------  --------------  -------------------  ----------------------
/opt/airflow/dags/config_driven_dag.py                           1           0  0.17s           2026-04-28T16:12:30                      12
/opt/airflow/dags/example_operators.py    669  0.00s             1           0  0.14s           2026-04-28T16:12:04                      10
================================================================================
[2026-04-28T16:13:05.139+0000] {manager.py:997} INFO - 
================================================================================
DAG File Processing Stats

File Path                                 PID  Runtime      # DAGs    # Errors  Last Runtime    Last Run               Last # of DB Queries
--------------------------------------  -----  ---------  --------  ----------  --------------  -------------------  ----------------------
/opt/airflow/dags/config_driven_dag.py                           1           0  0.17s           2026-04-28T16:13:01                      12
/opt/airflow/dags/example_operators.py    685  0.00s             1           0  0.14s           2026-04-28T16:12:34                      10
================================================================================
[2026-04-28T16:13:35.515+0000] {manager.py:997} INFO - 
================================================================================
DAG File Processing Stats

File Path                                 PID  Runtime      # DAGs    # Errors  Last Runtime    Last Run               Last # of DB Queries
--------------------------------------  -----  ---------  --------  ----------  --------------  -------------------  ----------------------
/opt/airflow/dags/config_driven_dag.py                           1           0  0.17s           2026-04-28T16:13:31                      12
/opt/airflow/dags/example_operators.py    701  0.01s             1           0  0.14s           2026-04-28T16:13:05                      10
================================================================================
[2026-04-28T16:13:54.661+0000] {manager.py:821} INFO - Searching for files in /opt/airflow/dags
[2026-04-28T16:13:54.699+0000] {manager.py:824} INFO - There are 2 files in /opt/airflow/dags
[2026-04-28T16:14:05.905+0000] {manager.py:997} INFO - 
================================================================================
DAG File Processing Stats

File Path                                 PID  Runtime      # DAGs    # Errors  Last Runtime    Last Run               Last # of DB Queries
--------------------------------------  -----  ---------  --------  ----------  --------------  -------------------  ----------------------
/opt/airflow/dags/config_driven_dag.py                           1           0  0.16s           2026-04-28T16:14:01                      12
/opt/airflow/dags/example_operators.py    717  0.00s             1           0  0.15s           2026-04-28T16:13:35                      10
================================================================================
[2026-04-28T16:14:36.285+0000] {manager.py:997} INFO - 
================================================================================
DAG File Processing Stats

File Path                                 PID  Runtime      # DAGs    # Errors  Last Runtime    Last Run               Last # of DB Queries
--------------------------------------  -----  ---------  --------  ----------  --------------  -------------------  ----------------------
/opt/airflow/dags/config_driven_dag.py                           1           0  0.17s           2026-04-28T16:14:32                      12
/opt/airflow/dags/example_operators.py    733  0.00s             1           0  0.14s           2026-04-28T16:14:06                      10
================================================================================
[2026-04-28T16:15:06.668+0000] {manager.py:997} INFO - 
================================================================================
DAG File Processing Stats

File Path                                 PID  Runtime      # DAGs    # Errors  Last Runtime    Last Run               Last # of DB Queries
--------------------------------------  -----  ---------  --------  ----------  --------------  -------------------  ----------------------
/opt/airflow/dags/config_driven_dag.py                           1           0  0.16s           2026-04-28T16:15:02                      12
/opt/airflow/dags/example_operators.py    749  0.00s             1           0  0.15s           2026-04-28T16:14:36                      10
================================================================================
[2026-04-28T16:15:37.080+0000] {manager.py:997} INFO - 
================================================================================
DAG File Processing Stats

File Path                                 PID  Runtime      # DAGs    # Errors  Last Runtime    Last Run               Last # of DB Queries
--------------------------------------  -----  ---------  --------  ----------  --------------  -------------------  ----------------------
/opt/airflow/dags/config_driven_dag.py                           1           0  0.16s           2026-04-28T16:15:33                      12
/opt/airflow/dags/example_operators.py    765  0.00s             1           0  0.14s           2026-04-28T16:15:06                      10
================================================================================
[2026-04-28T16:16:07.447+0000] {manager.py:997} INFO - 
================================================================================
DAG File Processing Stats

File Path                                 PID  Runtime      # DAGs    # Errors  Last Runtime    Last Run               Last # of DB Queries
--------------------------------------  -----  ---------  --------  ----------  --------------  -------------------  ----------------------
/opt/airflow/dags/config_driven_dag.py                           1           0  0.15s           2026-04-28T16:16:03                      12
/opt/airflow/dags/example_operators.py    781  0.00s             1           0  0.14s           2026-04-28T16:15:37                      10
================================================================================
[2026-04-28T16:16:37.823+0000] {manager.py:997} INFO - 
================================================================================
DAG File Processing Stats

File Path                                 PID  Runtime      # DAGs    # Errors  Last Runtime    Last Run               Last # of DB Queries
--------------------------------------  -----  ---------  --------  ----------  --------------  -------------------  ----------------------
/opt/airflow/dags/config_driven_dag.py                           1           0  0.18s           2026-04-28T16:16:33                      12
/opt/airflow/dags/example_operators.py    797  0.00s             1           0  0.14s           2026-04-28T16:16:07                      10
================================================================================
[2026-04-28T16:17:08.199+0000] {manager.py:997} INFO - 
================================================================================
DAG File Processing Stats

File Path                                 PID  Runtime      # DAGs    # Errors  Last Runtime    Last Run               Last # of DB Queries
--------------------------------------  -----  ---------  --------  ----------  --------------  -------------------  ----------------------
/opt/airflow/dags/config_driven_dag.py                           1           0  0.16s           2026-04-28T16:17:04                      12
/opt/airflow/dags/example_operators.py    813  0.00s             1           0  0.14s           2026-04-28T16:16:37                      10
================================================================================
[2026-04-28T16:17:38.590+0000] {manager.py:997} INFO - 
================================================================================
DAG File Processing Stats

File Path                                 PID  Runtime      # DAGs    # Errors  Last Runtime    Last Run               Last # of DB Queries
--------------------------------------  -----  ---------  --------  ----------  --------------  -------------------  ----------------------
/opt/airflow/dags/config_driven_dag.py                           1           0  0.18s           2026-04-28T16:17:34                      12
/opt/airflow/dags/example_operators.py    829  0.00s             1           0  0.14s           2026-04-28T16:17:08                      10
================================================================================
[2026-04-28T16:18:08.961+0000] {manager.py:997} INFO - 
================================================================================
DAG File Processing Stats

File Path                                 PID  Runtime      # DAGs    # Errors  Last Runtime    Last Run               Last # of DB Queries
--------------------------------------  -----  ---------  --------  ----------  --------------  -------------------  ----------------------
/opt/airflow/dags/config_driven_dag.py                           1           0  0.16s           2026-04-28T16:18:04                      12
/opt/airflow/dags/example_operators.py    845  0.00s             1           0  0.14s           2026-04-28T16:17:38                      10
================================================================================
[2026-04-28T16:18:39.335+0000] {manager.py:997} INFO - 
================================================================================
DAG File Processing Stats

File Path                                 PID  Runtime      # DAGs    # Errors  Last Runtime    Last Run               Last # of DB Queries
--------------------------------------  -----  ---------  --------  ----------  --------------  -------------------  ----------------------
/opt/airflow/dags/config_driven_dag.py                           1           0  0.16s           2026-04-28T16:18:35                      12
/opt/airflow/dags/example_operators.py    861  0.00s             1           0  0.14s           2026-04-28T16:18:09                      10
================================================================================
[2026-04-28T16:18:55.540+0000] {manager.py:821} INFO - Searching for files in /opt/airflow/dags
[2026-04-28T16:18:55.576+0000] {manager.py:824} INFO - There are 2 files in /opt/airflow/dags
[2026-04-28T16:19:09.741+0000] {manager.py:997} INFO - 
================================================================================
DAG File Processing Stats

File Path                                 PID  Runtime      # DAGs    # Errors  Last Runtime    Last Run               Last # of DB Queries
--------------------------------------  -----  ---------  --------  ----------  --------------  -------------------  ----------------------
/opt/airflow/dags/config_driven_dag.py                           1           0  0.19s           2026-04-28T16:19:05                      12
/opt/airflow/dags/example_operators.py    877  0.01s             1           0  0.14s           2026-04-28T16:18:39                      10
================================================================================
[2026-04-28T16:19:40.119+0000] {manager.py:997} INFO - 
================================================================================
DAG File Processing Stats

File Path                                 PID  Runtime      # DAGs    # Errors  Last Runtime    Last Run               Last # of DB Queries
--------------------------------------  -----  ---------  --------  ----------  --------------  -------------------  ----------------------
/opt/airflow/dags/config_driven_dag.py                           1           0  0.15s           2026-04-28T16:19:36                      12
/opt/airflow/dags/example_operators.py    893  0.00s             1           0  0.14s           2026-04-28T16:19:09                      10
================================================================================
[2026-04-28T16:20:10.488+0000] {manager.py:997} INFO - 
================================================================================
DAG File Processing Stats

File Path                                 PID  Runtime      # DAGs    # Errors  Last Runtime    Last Run               Last # of DB Queries
--------------------------------------  -----  ---------  --------  ----------  --------------  -------------------  ----------------------
/opt/airflow/dags/config_driven_dag.py                           1           0  0.16s           2026-04-28T16:20:06                      12
/opt/airflow/dags/example_operators.py    909  0.00s             1           0  0.14s           2026-04-28T16:19:40                      10
================================================================================
[2026-04-28T16:20:40.878+0000] {manager.py:997} INFO - 
================================================================================
DAG File Processing Stats

File Path                                 PID  Runtime      # DAGs    # Errors  Last Runtime    Last Run               Last # of DB Queries
--------------------------------------  -----  ---------  --------  ----------  --------------  -------------------  ----------------------
/opt/airflow/dags/config_driven_dag.py                           1           0  0.16s           2026-04-28T16:20:36                      12
/opt/airflow/dags/example_operators.py    931  0.00s             1           0  0.15s           2026-04-28T16:20:10                      10
================================================================================
[2026-04-28T16:21:11.255+0000] {manager.py:997} INFO - 
================================================================================
DAG File Processing Stats

File Path                                 PID  Runtime      # DAGs    # Errors  Last Runtime    Last Run               Last # of DB Queries
--------------------------------------  -----  ---------  --------  ----------  --------------  -------------------  ----------------------
/opt/airflow/dags/config_driven_dag.py                           1           0  0.15s           2026-04-28T16:21:07                      12
/opt/airflow/dags/example_operators.py    947  0.00s             1           0  0.13s           2026-04-28T16:20:41                      10
================================================================================
[2026-04-28T16:21:41.656+0000] {manager.py:997} INFO - 
================================================================================
DAG File Processing Stats

File Path                                 PID  Runtime      # DAGs    # Errors  Last Runtime    Last Run               Last # of DB Queries
--------------------------------------  -----  ---------  --------  ----------  --------------  -------------------  ----------------------
/opt/airflow/dags/config_driven_dag.py                           1           0  0.17s           2026-04-28T16:21:37                      12
/opt/airflow/dags/example_operators.py    963  0.00s             1           0  0.14s           2026-04-28T16:21:11                      10
================================================================================
[2026-04-28T16:22:12.036+0000] {manager.py:997} INFO - 
================================================================================
DAG File Processing Stats

File Path                                 PID  Runtime      # DAGs    # Errors  Last Runtime    Last Run               Last # of DB Queries
--------------------------------------  -----  ---------  --------  ----------  --------------  -------------------  ----------------------
/opt/airflow/dags/config_driven_dag.py                           1           0  0.16s           2026-04-28T16:22:08                      12
/opt/airflow/dags/example_operators.py    979  0.00s             1           0  0.15s           2026-04-28T16:21:41                      10
================================================================================
[2026-04-28T16:22:42.417+0000] {manager.py:997} INFO - 
================================================================================
DAG File Processing Stats

File Path                                 PID  Runtime      # DAGs    # Errors  Last Runtime    Last Run               Last # of DB Queries
--------------------------------------  -----  ---------  --------  ----------  --------------  -------------------  ----------------------
/opt/airflow/dags/config_driven_dag.py                           1           0  0.16s           2026-04-28T16:22:38                      12
/opt/airflow/dags/example_operators.py    995  0.00s             1           0  0.14s           2026-04-28T16:22:12                      10
================================================================================
[2026-04-28T16:23:12.836+0000] {manager.py:997} INFO - 
================================================================================
DAG File Processing Stats

File Path                                 PID  Runtime      # DAGs    # Errors  Last Runtime    Last Run               Last # of DB Queries
--------------------------------------  -----  ---------  --------  ----------  --------------  -------------------  ----------------------
/opt/airflow/dags/config_driven_dag.py                           1           0  0.16s           2026-04-28T16:23:08                      12
/opt/airflow/dags/example_operators.py   1011  0.01s             1           0  0.14s           2026-04-28T16:22:42                      10
================================================================================
[2026-04-28T16:23:43.216+0000] {manager.py:997} INFO - 
================================================================================
DAG File Processing Stats

File Path                                 PID  Runtime      # DAGs    # Errors  Last Runtime    Last Run               Last # of DB Queries
--------------------------------------  -----  ---------  --------  ----------  --------------  -------------------  ----------------------
/opt/airflow/dags/config_driven_dag.py                           1           0  0.16s           2026-04-28T16:23:39                      12
/opt/airflow/dags/example_operators.py   1027  0.00s             1           0  0.14s           2026-04-28T16:23:12                      10
================================================================================
[2026-04-28T16:23:56.462+0000] {manager.py:821} INFO - Searching for files in /opt/airflow/dags
[2026-04-28T16:23:56.512+0000] {manager.py:824} INFO - There are 2 files in /opt/airflow/dags
[2026-04-28T16:24:13.716+0000] {manager.py:997} INFO - 
================================================================================
DAG File Processing Stats

File Path                                 PID  Runtime      # DAGs    # Errors  Last Runtime    Last Run               Last # of DB Queries
--------------------------------------  -----  ---------  --------  ----------  --------------  -------------------  ----------------------
/opt/airflow/dags/config_driven_dag.py                           1           0  0.20s           2026-04-28T16:24:09                      12
/opt/airflow/dags/example_operators.py   1043  0.01s             1           0  0.15s           2026-04-28T16:23:43                      10
================================================================================
[2026-04-28T16:24:44.167+0000] {manager.py:997} INFO - 
================================================================================
DAG File Processing Stats

File Path                                 PID  Runtime      # DAGs    # Errors  Last Runtime    Last Run               Last # of DB Queries
--------------------------------------  -----  ---------  --------  ----------  --------------  -------------------  ----------------------
/opt/airflow/dags/config_driven_dag.py                           1           0  0.19s           2026-04-28T16:24:40                      12
/opt/airflow/dags/example_operators.py   1059  0.01s             1           0  0.18s           2026-04-28T16:24:13                      10
================================================================================
[2026-04-28T16:25:14.558+0000] {manager.py:997} INFO - 
================================================================================
DAG File Processing Stats

File Path                                 PID  Runtime      # DAGs    # Errors  Last Runtime    Last Run               Last # of DB Queries
--------------------------------------  -----  ---------  --------  ----------  --------------  -------------------  ----------------------
/opt/airflow/dags/config_driven_dag.py                           1           0  0.16s           2026-04-28T16:25:10                      12
/opt/airflow/dags/example_operators.py   1075  0.00s             1           0  0.15s           2026-04-28T16:24:44                      10
================================================================================
[2026-04-28T16:25:44.943+0000] {manager.py:997} INFO - 
================================================================================
DAG File Processing Stats

File Path                                 PID  Runtime      # DAGs    # Errors  Last Runtime    Last Run               Last # of DB Queries
--------------------------------------  -----  ---------  --------  ----------  --------------  -------------------  ----------------------
/opt/airflow/dags/config_driven_dag.py                           1           0  0.16s           2026-04-28T16:25:40                      12
/opt/airflow/dags/example_operators.py   1091  0.00s             1           0  0.15s           2026-04-28T16:25:14                      10
================================================================================
[2026-04-28T16:26:15.305+0000] {manager.py:997} INFO - 
================================================================================
DAG File Processing Stats

File Path                                 PID  Runtime      # DAGs    # Errors  Last Runtime    Last Run               Last # of DB Queries
--------------------------------------  -----  ---------  --------  ----------  --------------  -------------------  ----------------------
/opt/airflow/dags/config_driven_dag.py                           1           0  0.15s           2026-04-28T16:26:11                      12
/opt/airflow/dags/example_operators.py   1107  0.00s             1           0  0.14s           2026-04-28T16:25:45                      10
================================================================================
[2026-04-28T16:26:45.699+0000] {manager.py:997} INFO - 
================================================================================
DAG File Processing Stats

File Path                                 PID  Runtime      # DAGs    # Errors  Last Runtime    Last Run               Last # of DB Queries
--------------------------------------  -----  ---------  --------  ----------  --------------  -------------------  ----------------------
/opt/airflow/dags/config_driven_dag.py                           1           0  0.17s           2026-04-28T16:26:41                      12
/opt/airflow/dags/example_operators.py   1123  0.01s             1           0  0.15s           2026-04-28T16:26:15                      10
================================================================================
[2026-04-28T16:27:14.108+0000] {manager.py:1288} WARNING - Skipping processing of missing file: /opt/airflow/dags/config_driven_dag.py
[2026-04-28T16:27:16.140+0000] {manager.py:997} INFO - 
================================================================================
DAG File Processing Stats

File Path                                 PID  Runtime      # DAGs    # Errors  Last Runtime    Last Run               Last # of DB Queries
--------------------------------------  -----  ---------  --------  ----------  --------------  -------------------  ----------------------
/opt/airflow/dags/example_operators.py   1139  0.01s             1           0  0.17s           2026-04-28T16:26:45                      10
================================================================================
[2026-04-28T16:27:46.501+0000] {manager.py:997} INFO - 
================================================================================
DAG File Processing Stats

File Path                                 PID  Runtime      # DAGs    # Errors  Last Runtime    Last Run               Last # of DB Queries
--------------------------------------  -----  ---------  --------  ----------  --------------  -------------------  ----------------------
/opt/airflow/dags/example_operators.py   1150  0.00s             1           0  0.17s           2026-04-28T16:27:16                      10
================================================================================
[2026-04-28T16:28:04.770+0000] {manager.py:465} INFO - Exiting gracefully upon receiving signal 15
